ARM GAS  C:\Users\swaga\AppData\Local\Temp\ccu2qIFk.s 			page 1


   1              		.syntax unified
   2              		.cpu cortex-m3
   3              		.fpu softvfp
   4              		.eabi_attribute 20, 1
   5              		.eabi_attribute 21, 1
   6              		.eabi_attribute 23, 3
   7              		.eabi_attribute 24, 1
   8              		.eabi_attribute 25, 1
   9              		.eabi_attribute 26, 1
  10              		.eabi_attribute 30, 1
  11              		.eabi_attribute 34, 1
  12              		.eabi_attribute 18, 4
  13              		.thumb
  14              		.syntax unified
  15              		.file	"cymetadata.c"
  16              		.text
  17              	.Ltext0:
  18              		.cfi_sections	.debug_frame
  19              		.global	cy_metadata
  20              		.global	cy_meta_flashprotect
  21              		.global	cy_meta_wonvl
  22              		.global	cy_meta_custnvl
  23              		.global	cy_meta_configecc
  24              		.section	.cyconfigecc,"a",%progbits
  25              		.align	2
  26              		.type	cy_meta_configecc, %object
  27              		.size	cy_meta_configecc, 904
  28              	cy_meta_configecc:
  29 0000 02       		.byte	2
  30 0001 52       		.byte	82
  31 0002 00       		.byte	0
  32 0003 40       		.byte	64
  33 0004 01       		.byte	1
  34 0005 5A       		.byte	90
  35 0006 00       		.byte	0
  36 0007 40       		.byte	64
  37 0008 03       		.byte	3
  38 0009 64       		.byte	100
  39 000a 00       		.byte	0
  40 000b 40       		.byte	64
  41 000c 01       		.byte	1
  42 000d 01       		.byte	1
  43 000e 01       		.byte	1
  44 000f 40       		.byte	64
  45 0010 02       		.byte	2
  46 0011 03       		.byte	3
  47 0012 01       		.byte	1
  48 0013 40       		.byte	64
  49 0014 01       		.byte	1
  50 0015 05       		.byte	5
  51 0016 01       		.byte	1
  52 0017 40       		.byte	64
  53 0018 04       		.byte	4
  54 0019 0B       		.byte	11
  55 001a 01       		.byte	1
  56 001b 40       		.byte	64
  57 001c 16       		.byte	22
ARM GAS  C:\Users\swaga\AppData\Local\Temp\ccu2qIFk.s 			page 2


  58 001d 0C       		.byte	12
  59 001e 01       		.byte	1
  60 001f 40       		.byte	64
  61 0020 47       		.byte	71
  62 0021 0D       		.byte	13
  63 0022 01       		.byte	1
  64 0023 40       		.byte	64
  65 0024 36       		.byte	54
  66 0025 0E       		.byte	14
  67 0026 01       		.byte	1
  68 0027 40       		.byte	64
  69 0028 3D       		.byte	61
  70 0029 0F       		.byte	15
  71 002a 01       		.byte	1
  72 002b 40       		.byte	64
  73 002c 07       		.byte	7
  74 002d 40       		.byte	64
  75 002e 01       		.byte	1
  76 002f 40       		.byte	64
  77 0030 06       		.byte	6
  78 0031 41       		.byte	65
  79 0032 01       		.byte	1
  80 0033 40       		.byte	64
  81 0034 03       		.byte	3
  82 0035 42       		.byte	66
  83 0036 01       		.byte	1
  84 0037 40       		.byte	64
  85 0038 02       		.byte	2
  86 0039 43       		.byte	67
  87 003a 01       		.byte	1
  88 003b 40       		.byte	64
  89 003c 04       		.byte	4
  90 003d 44       		.byte	68
  91 003e 01       		.byte	1
  92 003f 40       		.byte	64
  93 0040 08       		.byte	8
  94 0041 45       		.byte	69
  95 0042 01       		.byte	1
  96 0043 40       		.byte	64
  97 0044 05       		.byte	5
  98 0045 46       		.byte	70
  99 0046 01       		.byte	1
 100 0047 40       		.byte	64
 101 0048 05       		.byte	5
 102 0049 48       		.byte	72
 103 004a 01       		.byte	1
 104 004b 40       		.byte	64
 105 004c 02       		.byte	2
 106 004d 50       		.byte	80
 107 004e 01       		.byte	1
 108 004f 40       		.byte	64
 109 0050 02       		.byte	2
 110 0051 51       		.byte	81
 111 0052 01       		.byte	1
 112 0053 40       		.byte	64
 113 0054 10       		.byte	16
 114 0055 02       		.byte	2
ARM GAS  C:\Users\swaga\AppData\Local\Temp\ccu2qIFk.s 			page 3


 115 0056 14       		.byte	20
 116 0057 01       		.byte	1
 117 0058 87       		.byte	-121
 118 0059 01       		.byte	1
 119 005a 8C       		.byte	-116
 120 005b 38       		.byte	56
 121 005c 8D       		.byte	-115
 122 005d 72       		.byte	114
 123 005e 8E       		.byte	-114
 124 005f 0F       		.byte	15
 125 0060 E6       		.byte	-26
 126 0061 02       		.byte	2
 127 0062 E6       		.byte	-26
 128 0063 02       		.byte	2
 129 0064 EC       		.byte	-20
 130 0065 04       		.byte	4
 131 0066 E0       		.byte	-32
 132 0067 02       		.byte	2
 133 0068 B0       		.byte	-80
 134 0069 02       		.byte	2
 135 006a B6       		.byte	-74
 136 006b 04       		.byte	4
 137 006c B7       		.byte	-73
 138 006d 01       		.byte	1
 139 006e E0       		.byte	-32
 140 006f 02       		.byte	2
 141 0070 04       		.byte	4
 142 0071 01       		.byte	1
 143 0072 09       		.byte	9
 144 0073 01       		.byte	1
 145 0074 0A       		.byte	10
 146 0075 04       		.byte	4
 147 0076 0C       		.byte	12
 148 0077 01       		.byte	1
 149 0078 12       		.byte	18
 150 0079 02       		.byte	2
 151 007a 1A       		.byte	26
 152 007b 04       		.byte	4
 153 007c 22       		.byte	34
 154 007d 02       		.byte	2
 155 007e 24       		.byte	36
 156 007f 01       		.byte	1
 157 0080 32       		.byte	50
 158 0081 04       		.byte	4
 159 0082 34       		.byte	52
 160 0083 02       		.byte	2
 161 0084 36       		.byte	54
 162 0085 01       		.byte	1
 163 0086 37       		.byte	55
 164 0087 01       		.byte	1
 165 0088 3E       		.byte	62
 166 0089 14       		.byte	20
 167 008a 3F       		.byte	63
 168 008b 40       		.byte	64
 169 008c 54       		.byte	84
 170 008d 18       		.byte	24
 171 008e 56       		.byte	86
ARM GAS  C:\Users\swaga\AppData\Local\Temp\ccu2qIFk.s 			page 4


 172 008f 04       		.byte	4
 173 0090 58       		.byte	88
 174 0091 04       		.byte	4
 175 0092 59       		.byte	89
 176 0093 04       		.byte	4
 177 0094 5B       		.byte	91
 178 0095 04       		.byte	4
 179 0096 5C       		.byte	92
 180 0097 01       		.byte	1
 181 0098 5D       		.byte	93
 182 0099 10       		.byte	16
 183 009a 5F       		.byte	95
 184 009b 01       		.byte	1
 185 009c 00       		.byte	0
 186 009d 04       		.byte	4
 187 009e 01       		.byte	1
 188 009f 80       		.byte	-128
 189 00a0 02       		.byte	2
 190 00a1 01       		.byte	1
 191 00a2 03       		.byte	3
 192 00a3 08       		.byte	8
 193 00a4 06       		.byte	6
 194 00a5 04       		.byte	4
 195 00a6 07       		.byte	7
 196 00a7 21       		.byte	33
 197 00a8 08       		.byte	8
 198 00a9 0A       		.byte	10
 199 00aa 09       		.byte	9
 200 00ab 80       		.byte	-128
 201 00ac 0A       		.byte	10
 202 00ad 28       		.byte	40
 203 00ae 0C       		.byte	12
 204 00af 02       		.byte	2
 205 00b0 0D       		.byte	13
 206 00b1 10       		.byte	16
 207 00b2 10       		.byte	16
 208 00b3 A8       		.byte	-88
 209 00b4 15       		.byte	21
 210 00b5 02       		.byte	2
 211 00b6 17       		.byte	23
 212 00b7 04       		.byte	4
 213 00b8 18       		.byte	24
 214 00b9 24       		.byte	36
 215 00ba 19       		.byte	25
 216 00bb 81       		.byte	-127
 217 00bc 1B       		.byte	27
 218 00bd 28       		.byte	40
 219 00be 1D       		.byte	29
 220 00bf 80       		.byte	-128
 221 00c0 1E       		.byte	30
 222 00c1 0A       		.byte	10
 223 00c2 1F       		.byte	31
 224 00c3 04       		.byte	4
 225 00c4 20       		.byte	32
 226 00c5 01       		.byte	1
 227 00c6 21       		.byte	33
 228 00c7 12       		.byte	18
ARM GAS  C:\Users\swaga\AppData\Local\Temp\ccu2qIFk.s 			page 5


 229 00c8 22       		.byte	34
 230 00c9 04       		.byte	4
 231 00ca 26       		.byte	38
 232 00cb 80       		.byte	-128
 233 00cc 28       		.byte	40
 234 00cd 02       		.byte	2
 235 00ce 29       		.byte	41
 236 00cf 20       		.byte	32
 237 00d0 2A       		.byte	42
 238 00d1 09       		.byte	9
 239 00d2 31       		.byte	49
 240 00d3 02       		.byte	2
 241 00d4 33       		.byte	51
 242 00d5 28       		.byte	40
 243 00d6 39       		.byte	57
 244 00d7 14       		.byte	20
 245 00d8 3C       		.byte	60
 246 00d9 10       		.byte	16
 247 00da 40       		.byte	64
 248 00db 09       		.byte	9
 249 00dc 41       		.byte	65
 250 00dd 05       		.byte	5
 251 00de 42       		.byte	66
 252 00df 08       		.byte	8
 253 00e0 4A       		.byte	74
 254 00e1 01       		.byte	1
 255 00e2 50       		.byte	80
 256 00e3 02       		.byte	2
 257 00e4 52       		.byte	82
 258 00e5 04       		.byte	4
 259 00e6 59       		.byte	89
 260 00e7 01       		.byte	1
 261 00e8 5F       		.byte	95
 262 00e9 02       		.byte	2
 263 00ea 67       		.byte	103
 264 00eb 4A       		.byte	74
 265 00ec 69       		.byte	105
 266 00ed 14       		.byte	20
 267 00ee 6B       		.byte	107
 268 00ef 25       		.byte	37
 269 00f0 70       		.byte	112
 270 00f1 E8       		.byte	-24
 271 00f2 82       		.byte	-126
 272 00f3 80       		.byte	-128
 273 00f4 87       		.byte	-121
 274 00f5 40       		.byte	64
 275 00f6 89       		.byte	-119
 276 00f7 84       		.byte	-124
 277 00f8 90       		.byte	-112
 278 00f9 10       		.byte	16
 279 00fa 91       		.byte	-111
 280 00fb 02       		.byte	2
 281 00fc 92       		.byte	-110
 282 00fd 20       		.byte	32
 283 00fe 94       		.byte	-108
 284 00ff A0       		.byte	-96
 285 0100 95       		.byte	-107
ARM GAS  C:\Users\swaga\AppData\Local\Temp\ccu2qIFk.s 			page 6


 286 0101 14       		.byte	20
 287 0102 99       		.byte	-103
 288 0103 20       		.byte	32
 289 0104 9B       		.byte	-101
 290 0105 02       		.byte	2
 291 0106 9C       		.byte	-100
 292 0107 02       		.byte	2
 293 0108 9E       		.byte	-98
 294 0109 01       		.byte	1
 295 010a A4       		.byte	-92
 296 010b 28       		.byte	40
 297 010c A5       		.byte	-91
 298 010d 82       		.byte	-126
 299 010e A7       		.byte	-89
 300 010f 20       		.byte	32
 301 0110 B3       		.byte	-77
 302 0111 10       		.byte	16
 303 0112 C0       		.byte	-64
 304 0113 E7       		.byte	-25
 305 0114 C2       		.byte	-62
 306 0115 5F       		.byte	95
 307 0116 C4       		.byte	-60
 308 0117 3E       		.byte	62
 309 0118 CA       		.byte	-54
 310 0119 0F       		.byte	15
 311 011a CC       		.byte	-52
 312 011b 07       		.byte	7
 313 011c CE       		.byte	-50
 314 011d 26       		.byte	38
 315 011e D0       		.byte	-48
 316 011f 0F       		.byte	15
 317 0120 D2       		.byte	-46
 318 0121 08       		.byte	8
 319 0122 D6       		.byte	-42
 320 0123 81       		.byte	-127
 321 0124 D8       		.byte	-40
 322 0125 B0       		.byte	-80
 323 0126 E4       		.byte	-28
 324 0127 04       		.byte	4
 325 0128 EC       		.byte	-20
 326 0129 04       		.byte	4
 327 012a 84       		.byte	-124
 328 012b 14       		.byte	20
 329 012c 87       		.byte	-121
 330 012d 08       		.byte	8
 331 012e 89       		.byte	-119
 332 012f 80       		.byte	-128
 333 0130 8A       		.byte	-118
 334 0131 03       		.byte	3
 335 0132 8B       		.byte	-117
 336 0133 13       		.byte	19
 337 0134 8C       		.byte	-116
 338 0135 10       		.byte	16
 339 0136 8E       		.byte	-114
 340 0137 AC       		.byte	-84
 341 0138 93       		.byte	-109
 342 0139 0C       		.byte	12
ARM GAS  C:\Users\swaga\AppData\Local\Temp\ccu2qIFk.s 			page 7


 343 013a 96       		.byte	-106
 344 013b 20       		.byte	32
 345 013c 99       		.byte	-103
 346 013d 2C       		.byte	44
 347 013e 9B       		.byte	-101
 348 013f 43       		.byte	67
 349 0140 9C       		.byte	-100
 350 0141 0C       		.byte	12
 351 0142 9E       		.byte	-98
 352 0143 71       		.byte	113
 353 0144 A0       		.byte	-96
 354 0145 09       		.byte	9
 355 0146 A1       		.byte	-95
 356 0147 71       		.byte	113
 357 0148 A2       		.byte	-94
 358 0149 D0       		.byte	-48
 359 014a A3       		.byte	-93
 360 014b 0E       		.byte	14
 361 014c A4       		.byte	-92
 362 014d DC       		.byte	-36
 363 014e A6       		.byte	-90
 364 014f 22       		.byte	34
 365 0150 A8       		.byte	-88
 366 0151 10       		.byte	16
 367 0152 AA       		.byte	-86
 368 0153 40       		.byte	64
 369 0154 AD       		.byte	-83
 370 0155 71       		.byte	113
 371 0156 AF       		.byte	-81
 372 0157 06       		.byte	6
 373 0158 B2       		.byte	-78
 374 0159 1F       		.byte	31
 375 015a B3       		.byte	-77
 376 015b 30       		.byte	48
 377 015c B5       		.byte	-75
 378 015d 0F       		.byte	15
 379 015e B6       		.byte	-74
 380 015f E0       		.byte	-32
 381 0160 B7       		.byte	-73
 382 0161 C0       		.byte	-64
 383 0162 B8       		.byte	-72
 384 0163 20       		.byte	32
 385 0164 B9       		.byte	-71
 386 0165 88       		.byte	-120
 387 0166 BA       		.byte	-70
 388 0167 80       		.byte	-128
 389 0168 BB       		.byte	-69
 390 0169 20       		.byte	32
 391 016a BE       		.byte	-66
 392 016b 10       		.byte	16
 393 016c BF       		.byte	-65
 394 016d 04       		.byte	4
 395 016e C0       		.byte	-64
 396 016f 02       		.byte	2
 397 0170 C7       		.byte	-57
 398 0171 04       		.byte	4
 399 0172 C9       		.byte	-55
ARM GAS  C:\Users\swaga\AppData\Local\Temp\ccu2qIFk.s 			page 8


 400 0173 FF       		.byte	-1
 401 0174 CA       		.byte	-54
 402 0175 07       		.byte	7
 403 0176 CB       		.byte	-53
 404 0177 FF       		.byte	-1
 405 0178 CC       		.byte	-52
 406 0179 40       		.byte	64
 407 017a CD       		.byte	-51
 408 017b 20       		.byte	32
 409 017c CE       		.byte	-50
 410 017d F0       		.byte	-16
 411 017e CF       		.byte	-49
 412 017f 05       		.byte	5
 413 0180 D0       		.byte	-48
 414 0181 08       		.byte	8
 415 0182 D8       		.byte	-40
 416 0183 04       		.byte	4
 417 0184 D9       		.byte	-39
 418 0185 04       		.byte	4
 419 0186 DA       		.byte	-38
 420 0187 04       		.byte	4
 421 0188 DC       		.byte	-36
 422 0189 11       		.byte	17
 423 018a DD       		.byte	-35
 424 018b 01       		.byte	1
 425 018c DF       		.byte	-33
 426 018d 01       		.byte	1
 427 018e E0       		.byte	-32
 428 018f 40       		.byte	64
 429 0190 E1       		.byte	-31
 430 0191 A8       		.byte	-88
 431 0192 E2       		.byte	-30
 432 0193 40       		.byte	64
 433 0194 E3       		.byte	-29
 434 0195 20       		.byte	32
 435 0196 01       		.byte	1
 436 0197 14       		.byte	20
 437 0198 03       		.byte	3
 438 0199 82       		.byte	-126
 439 019a 04       		.byte	4
 440 019b 50       		.byte	80
 441 019c 05       		.byte	5
 442 019d 04       		.byte	4
 443 019e 08       		.byte	8
 444 019f 02       		.byte	2
 445 01a0 09       		.byte	9
 446 01a1 08       		.byte	8
 447 01a2 0A       		.byte	10
 448 01a3 14       		.byte	20
 449 01a4 0E       		.byte	14
 450 01a5 02       		.byte	2
 451 01a6 0F       		.byte	15
 452 01a7 20       		.byte	32
 453 01a8 11       		.byte	17
 454 01a9 20       		.byte	32
 455 01aa 12       		.byte	18
 456 01ab A0       		.byte	-96
ARM GAS  C:\Users\swaga\AppData\Local\Temp\ccu2qIFk.s 			page 9


 457 01ac 16       		.byte	22
 458 01ad 04       		.byte	4
 459 01ae 17       		.byte	23
 460 01af 05       		.byte	5
 461 01b0 18       		.byte	24
 462 01b1 40       		.byte	64
 463 01b2 19       		.byte	25
 464 01b3 A0       		.byte	-96
 465 01b4 1A       		.byte	26
 466 01b5 04       		.byte	4
 467 01b6 1B       		.byte	27
 468 01b7 02       		.byte	2
 469 01b8 1C       		.byte	28
 470 01b9 10       		.byte	16
 471 01ba 1E       		.byte	30
 472 01bb 02       		.byte	2
 473 01bc 1F       		.byte	31
 474 01bd D0       		.byte	-48
 475 01be 20       		.byte	32
 476 01bf 04       		.byte	4
 477 01c0 21       		.byte	33
 478 01c1 01       		.byte	1
 479 01c2 22       		.byte	34
 480 01c3 14       		.byte	20
 481 01c4 23       		.byte	35
 482 01c5 02       		.byte	2
 483 01c6 26       		.byte	38
 484 01c7 A0       		.byte	-96
 485 01c8 27       		.byte	39
 486 01c9 25       		.byte	37
 487 01ca 28       		.byte	40
 488 01cb 02       		.byte	2
 489 01cc 29       		.byte	41
 490 01cd 20       		.byte	32
 491 01ce 2A       		.byte	42
 492 01cf 01       		.byte	1
 493 01d0 2B       		.byte	43
 494 01d1 20       		.byte	32
 495 01d2 2F       		.byte	47
 496 01d3 42       		.byte	66
 497 01d4 30       		.byte	48
 498 01d5 28       		.byte	40
 499 01d6 31       		.byte	49
 500 01d7 82       		.byte	-126
 501 01d8 36       		.byte	54
 502 01d9 20       		.byte	32
 503 01da 37       		.byte	55
 504 01db 01       		.byte	1
 505 01dc 38       		.byte	56
 506 01dd A4       		.byte	-92
 507 01de 3B       		.byte	59
 508 01df 01       		.byte	1
 509 01e0 3E       		.byte	62
 510 01e1 08       		.byte	8
 511 01e2 3F       		.byte	63
 512 01e3 20       		.byte	32
 513 01e4 42       		.byte	66
ARM GAS  C:\Users\swaga\AppData\Local\Temp\ccu2qIFk.s 			page 10


 514 01e5 20       		.byte	32
 515 01e6 43       		.byte	67
 516 01e7 82       		.byte	-126
 517 01e8 47       		.byte	71
 518 01e9 20       		.byte	32
 519 01ea 49       		.byte	73
 520 01eb 05       		.byte	5
 521 01ec 4B       		.byte	75
 522 01ed 01       		.byte	1
 523 01ee 51       		.byte	81
 524 01ef 08       		.byte	8
 525 01f0 55       		.byte	85
 526 01f1 10       		.byte	16
 527 01f2 56       		.byte	86
 528 01f3 2C       		.byte	44
 529 01f4 57       		.byte	87
 530 01f5 10       		.byte	16
 531 01f6 59       		.byte	89
 532 01f7 81       		.byte	-127
 533 01f8 5A       		.byte	90
 534 01f9 18       		.byte	24
 535 01fa 60       		.byte	96
 536 01fb 80       		.byte	-128
 537 01fc 84       		.byte	-124
 538 01fd 80       		.byte	-128
 539 01fe C0       		.byte	-64
 540 01ff EF       		.byte	-17
 541 0200 C2       		.byte	-62
 542 0201 AE       		.byte	-82
 543 0202 C4       		.byte	-60
 544 0203 7E       		.byte	126
 545 0204 CA       		.byte	-54
 546 0205 9F       		.byte	-97
 547 0206 CC       		.byte	-52
 548 0207 AF       		.byte	-81
 549 0208 CE       		.byte	-50
 550 0209 6F       		.byte	111
 551 020a D0       		.byte	-48
 552 020b 2B       		.byte	43
 553 020c D6       		.byte	-42
 554 020d 0F       		.byte	15
 555 020e D8       		.byte	-40
 556 020f 01       		.byte	1
 557 0210 32       		.byte	50
 558 0211 20       		.byte	32
 559 0212 35       		.byte	53
 560 0213 20       		.byte	32
 561 0214 3C       		.byte	60
 562 0215 40       		.byte	64
 563 0216 85       		.byte	-123
 564 0217 20       		.byte	32
 565 0218 CC       		.byte	-52
 566 0219 30       		.byte	48
 567 021a CE       		.byte	-50
 568 021b 20       		.byte	32
 569 021c E6       		.byte	-26
 570 021d 40       		.byte	64
ARM GAS  C:\Users\swaga\AppData\Local\Temp\ccu2qIFk.s 			page 11


 571 021e 86       		.byte	-122
 572 021f 20       		.byte	32
 573 0220 94       		.byte	-108
 574 0221 40       		.byte	64
 575 0222 A6       		.byte	-90
 576 0223 20       		.byte	32
 577 0224 A8       		.byte	-88
 578 0225 40       		.byte	64
 579 0226 E6       		.byte	-26
 580 0227 40       		.byte	64
 581 0228 EC       		.byte	-20
 582 0229 20       		.byte	32
 583 022a 87       		.byte	-121
 584 022b 01       		.byte	1
 585 022c 94       		.byte	-108
 586 022d 40       		.byte	64
 587 022e E0       		.byte	-32
 588 022f 40       		.byte	64
 589 0230 94       		.byte	-108
 590 0231 40       		.byte	64
 591 0232 9F       		.byte	-97
 592 0233 01       		.byte	1
 593 0234 33       		.byte	51
 594 0235 80       		.byte	-128
 595 0236 7F       		.byte	127
 596 0237 08       		.byte	8
 597 0238 CC       		.byte	-52
 598 0239 08       		.byte	8
 599 023a DE       		.byte	-34
 600 023b 01       		.byte	1
 601 023c 00       		.byte	0
 602 023d 08       		.byte	8
 603 023e 57       		.byte	87
 604 023f 04       		.byte	4
 605 0240 83       		.byte	-125
 606 0241 04       		.byte	4
 607 0242 AB       		.byte	-85
 608 0243 80       		.byte	-128
 609 0244 B3       		.byte	-77
 610 0245 08       		.byte	8
 611 0246 C0       		.byte	-64
 612 0247 08       		.byte	8
 613 0248 D4       		.byte	-44
 614 0249 02       		.byte	2
 615 024a E8       		.byte	-24
 616 024b 04       		.byte	4
 617 024c 45       		.byte	69
 618 024d 08       		.byte	8
 619 024e 85       		.byte	-123
 620 024f 08       		.byte	8
 621 0250 B0       		.byte	-80
 622 0251 04       		.byte	4
 623 0252 D0       		.byte	-48
 624 0253 01       		.byte	1
 625 0254 EA       		.byte	-22
 626 0255 04       		.byte	4
 627 0256 24       		.byte	36
ARM GAS  C:\Users\swaga\AppData\Local\Temp\ccu2qIFk.s 			page 12


 628 0257 40       		.byte	64
 629 0258 27       		.byte	39
 630 0259 01       		.byte	1
 631 025a 94       		.byte	-108
 632 025b 40       		.byte	64
 633 025c 9F       		.byte	-97
 634 025d 01       		.byte	1
 635 025e C8       		.byte	-56
 636 025f A0       		.byte	-96
 637 0260 00       		.byte	0
 638 0261 02       		.byte	2
 639 0262 0E       		.byte	14
 640 0263 02       		.byte	2
 641 0264 00       		.byte	0
 642 0265 0F       		.byte	15
 643 0266 10       		.byte	16
 644 0267 02       		.byte	2
 645 0268 00       		.byte	0
 646 0269 00       		.byte	0
 647 026a 00       		.byte	0
 648 026b 00       		.byte	0
 649 026c 39       		.byte	57
 650 026d 38       		.byte	56
 651 026e 44       		.byte	68
 652 026f 00       		.byte	0
 653 0270 39       		.byte	57
 654 0271 38       		.byte	56
 655 0272 42       		.byte	66
 656 0273 00       		.byte	0
 657 0274 7F       		.byte	127
 658 0275 00       		.byte	0
 659 0276 00       		.byte	0
 660 0277 00       		.byte	0
 661 0278 01       		.byte	1
 662 0279 10       		.byte	16
 663 027a 00       		.byte	0
 664 027b 2C       		.byte	44
 665 027c 67       		.byte	103
 666 027d 00       		.byte	0
 667 027e 18       		.byte	24
 668 027f 01       		.byte	1
 669 0280 00       		.byte	0
 670 0281 00       		.byte	0
 671 0282 01       		.byte	1
 672 0283 01       		.byte	1
 673 0284 00       		.byte	0
 674 0285 00       		.byte	0
 675 0286 46       		.byte	70
 676 0287 00       		.byte	0
 677 0288 10       		.byte	16
 678 0289 01       		.byte	1
 679 028a 00       		.byte	0
 680 028b 00       		.byte	0
 681 028c 08       		.byte	8
 682 028d 01       		.byte	1
 683 028e 00       		.byte	0
 684 028f 00       		.byte	0
ARM GAS  C:\Users\swaga\AppData\Local\Temp\ccu2qIFk.s 			page 13


 685 0290 18       		.byte	24
 686 0291 20       		.byte	32
 687 0292 00       		.byte	0
 688 0293 12       		.byte	18
 689 0294 00       		.byte	0
 690 0295 08       		.byte	8
 691 0296 00       		.byte	0
 692 0297 52       		.byte	82
 693 0298 20       		.byte	32
 694 0299 38       		.byte	56
 695 029a 58       		.byte	88
 696 029b 40       		.byte	64
 697 029c 1F       		.byte	31
 698 029d 01       		.byte	1
 699 029e 00       		.byte	0
 700 029f 06       		.byte	6
 701 02a0 00       		.byte	0
 702 02a1 20       		.byte	32
 703 02a2 A8       		.byte	-88
 704 02a3 00       		.byte	0
 705 02a4 00       		.byte	0
 706 02a5 00       		.byte	0
 707 02a6 01       		.byte	1
 708 02a7 40       		.byte	64
 709 02a8 25       		.byte	37
 710 02a9 03       		.byte	3
 711 02aa 04       		.byte	4
 712 02ab 00       		.byte	0
 713 02ac 01       		.byte	1
 714 02ad 00       		.byte	0
 715 02ae 00       		.byte	0
 716 02af CE       		.byte	-50
 717 02b0 30       		.byte	48
 718 02b1 FF       		.byte	-1
 719 02b2 FF       		.byte	-1
 720 02b3 FF       		.byte	-1
 721 02b4 62       		.byte	98
 722 02b5 A0       		.byte	-96
 723 02b6 F0       		.byte	-16
 724 02b7 41       		.byte	65
 725 02b8 0C       		.byte	12
 726 02b9 00       		.byte	0
 727 02ba 00       		.byte	0
 728 02bb 00       		.byte	0
 729 02bc 00       		.byte	0
 730 02bd 00       		.byte	0
 731 02be 02       		.byte	2
 732 02bf 13       		.byte	19
 733 02c0 04       		.byte	4
 734 02c1 04       		.byte	4
 735 02c2 04       		.byte	4
 736 02c3 04       		.byte	4
 737 02c4 11       		.byte	17
 738 02c5 11       		.byte	17
 739 02c6 00       		.byte	0
 740 02c7 01       		.byte	1
 741 02c8 00       		.byte	0
ARM GAS  C:\Users\swaga\AppData\Local\Temp\ccu2qIFk.s 			page 14


 742 02c9 00       		.byte	0
 743 02ca 00       		.byte	0
 744 02cb 00       		.byte	0
 745 02cc 00       		.byte	0
 746 02cd 00       		.byte	0
 747 02ce 40       		.byte	64
 748 02cf 02       		.byte	2
 749 02d0 00       		.byte	0
 750 02d1 10       		.byte	16
 751 02d2 30       		.byte	48
 752 02d3 10       		.byte	16
 753 02d4 00       		.byte	0
 754 02d5 10       		.byte	16
 755 02d6 10       		.byte	16
 756 02d7 12       		.byte	18
 757 02d8 00       		.byte	0
 758 02d9 00       		.byte	0
 759 02da 00       		.byte	0
 760 02db 00       		.byte	0
 761 02dc 00       		.byte	0
 762 02dd 00       		.byte	0
 763 02de 00       		.byte	0
 764 02df 00       		.byte	0
 765 02e0 00       		.byte	0
 766 02e1 00       		.byte	0
 767 02e2 00       		.byte	0
 768 02e3 00       		.byte	0
 769 02e4 00       		.byte	0
 770 02e5 00       		.byte	0
 771 02e6 00       		.byte	0
 772 02e7 00       		.byte	0
 773 02e8 13       		.byte	19
 774 02e9 80       		.byte	-128
 775 02ea 04       		.byte	4
 776 02eb 00       		.byte	0
 777 02ec 60       		.byte	96
 778 02ed 73       		.byte	115
 779 02ee 00       		.byte	0
 780 02ef 0C       		.byte	12
 781 02f0 60       		.byte	96
 782 02f1 0F       		.byte	15
 783 02f2 00       		.byte	0
 784 02f3 70       		.byte	112
 785 02f4 13       		.byte	19
 786 02f5 08       		.byte	8
 787 02f6 0C       		.byte	12
 788 02f7 00       		.byte	0
 789 02f8 20       		.byte	32
 790 02f9 63       		.byte	99
 791 02fa 40       		.byte	64
 792 02fb 00       		.byte	0
 793 02fc 03       		.byte	3
 794 02fd 0C       		.byte	12
 795 02fe 14       		.byte	20
 796 02ff 00       		.byte	0
 797 0300 40       		.byte	64
 798 0301 04       		.byte	4
ARM GAS  C:\Users\swaga\AppData\Local\Temp\ccu2qIFk.s 			page 15


 799 0302 20       		.byte	32
 800 0303 00       		.byte	0
 801 0304 00       		.byte	0
 802 0305 00       		.byte	0
 803 0306 00       		.byte	0
 804 0307 73       		.byte	115
 805 0308 00       		.byte	0
 806 0309 7F       		.byte	127
 807 030a 08       		.byte	8
 808 030b 00       		.byte	0
 809 030c 0A       		.byte	10
 810 030d 1C       		.byte	28
 811 030e 14       		.byte	20
 812 030f 63       		.byte	99
 813 0310 00       		.byte	0
 814 0311 42       		.byte	66
 815 0312 15       		.byte	21
 816 0313 00       		.byte	0
 817 0314 00       		.byte	0
 818 0315 21       		.byte	33
 819 0316 00       		.byte	0
 820 0317 00       		.byte	0
 821 0318 0F       		.byte	15
 822 0319 1C       		.byte	28
 823 031a 00       		.byte	0
 824 031b 80       		.byte	-128
 825 031c 60       		.byte	96
 826 031d 0F       		.byte	15
 827 031e 10       		.byte	16
 828 031f 60       		.byte	96
 829 0320 00       		.byte	0
 830 0321 00       		.byte	0
 831 0322 02       		.byte	2
 832 0323 20       		.byte	32
 833 0324 00       		.byte	0
 834 0325 00       		.byte	0
 835 0326 40       		.byte	64
 836 0327 04       		.byte	4
 837 0328 43       		.byte	67
 838 0329 01       		.byte	1
 839 032a 00       		.byte	0
 840 032b 00       		.byte	0
 841 032c 00       		.byte	0
 842 032d EB       		.byte	-21
 843 032e 00       		.byte	0
 844 032f 0C       		.byte	12
 845 0330 13       		.byte	19
 846 0331 FF       		.byte	-1
 847 0332 FF       		.byte	-1
 848 0333 FF       		.byte	-1
 849 0334 00       		.byte	0
 850 0335 00       		.byte	0
 851 0336 F0       		.byte	-16
 852 0337 44       		.byte	68
 853 0338 0C       		.byte	12
 854 0339 00       		.byte	0
 855 033a 00       		.byte	0
ARM GAS  C:\Users\swaga\AppData\Local\Temp\ccu2qIFk.s 			page 16


 856 033b 00       		.byte	0
 857 033c 01       		.byte	1
 858 033d 00       		.byte	0
 859 033e 04       		.byte	4
 860 033f 00       		.byte	0
 861 0340 04       		.byte	4
 862 0341 04       		.byte	4
 863 0342 04       		.byte	4
 864 0343 04       		.byte	4
 865 0344 11       		.byte	17
 866 0345 11       		.byte	17
 867 0346 00       		.byte	0
 868 0347 01       		.byte	1
 869 0348 00       		.byte	0
 870 0349 00       		.byte	0
 871 034a 00       		.byte	0
 872 034b 00       		.byte	0
 873 034c 00       		.byte	0
 874 034d 00       		.byte	0
 875 034e C0       		.byte	-64
 876 034f 00       		.byte	0
 877 0350 00       		.byte	0
 878 0351 00       		.byte	0
 879 0352 40       		.byte	64
 880 0353 02       		.byte	2
 881 0354 00       		.byte	0
 882 0355 00       		.byte	0
 883 0356 00       		.byte	0
 884 0357 00       		.byte	0
 885 0358 00       		.byte	0
 886 0359 00       		.byte	0
 887 035a 00       		.byte	0
 888 035b 00       		.byte	0
 889 035c 00       		.byte	0
 890 035d 00       		.byte	0
 891 035e 00       		.byte	0
 892 035f 00       		.byte	0
 893 0360 00       		.byte	0
 894 0361 00       		.byte	0
 895 0362 00       		.byte	0
 896 0363 00       		.byte	0
 897 0364 00       		.byte	0
 898 0365 00       		.byte	0
 899 0366 00       		.byte	0
 900 0367 00       		.byte	0
 901 0368 00       		.byte	0
 902 0369 00       		.byte	0
 903 036a 00       		.byte	0
 904 036b 00       		.byte	0
 905 036c 00       		.byte	0
 906 036d 00       		.byte	0
 907 036e 30       		.byte	48
 908 036f 00       		.byte	0
 909 0370 00       		.byte	0
 910 0371 0B       		.byte	11
 911 0372 0B       		.byte	11
 912 0373 00       		.byte	0
ARM GAS  C:\Users\swaga\AppData\Local\Temp\ccu2qIFk.s 			page 17


 913 0374 00       		.byte	0
 914 0375 00       		.byte	0
 915 0376 00       		.byte	0
 916 0377 00       		.byte	0
 917 0378 02       		.byte	2
 918 0379 00       		.byte	0
 919 037a 01       		.byte	1
 920 037b E2       		.byte	-30
 921 037c E2       		.byte	-30
 922 037d 00       		.byte	0
 923 037e 02       		.byte	2
 924 037f 00       		.byte	0
 925 0380 00       		.byte	0
 926 0381 00       		.byte	0
 927 0382 00       		.byte	0
 928 0383 00       		.byte	0
 929 0384 25       		.byte	37
 930 0385 00       		.byte	0
 931 0386 18       		.byte	24
 932 0387 01       		.byte	1
 933              		.section	.cywolatch,"a",%progbits
 934              		.align	2
 935              		.type	cy_meta_wonvl, %object
 936              		.size	cy_meta_wonvl, 4
 937              	cy_meta_wonvl:
 938 0000 BC       		.byte	-68
 939 0001 90       		.byte	-112
 940 0002 AC       		.byte	-84
 941 0003 AF       		.byte	-81
 942              		.section	.cycustnvl,"a",%progbits
 943              		.align	2
 944              		.type	cy_meta_custnvl, %object
 945              		.size	cy_meta_custnvl, 4
 946              	cy_meta_custnvl:
 947 0000 00       		.byte	0
 948 0001 00       		.byte	0
 949 0002 40       		.byte	64
 950 0003 05       		.byte	5
 951              		.section	.cymeta,"a",%progbits
 952              		.align	2
 953              		.type	cy_metadata, %object
 954              		.size	cy_metadata, 12
 955              	cy_metadata:
 956 0000 00       		.byte	0
 957 0001 01       		.byte	1
 958 0002 2E       		.byte	46
 959 0003 16       		.byte	22
 960 0004 00       		.byte	0
 961 0005 69       		.byte	105
 962 0006 00       		.byte	0
 963 0007 01       		.byte	1
 964 0008 00       		.byte	0
 965 0009 00       		.byte	0
 966 000a 00       		.byte	0
 967 000b 00       		.byte	0
 968              		.section	.cyflashprotect,"a",%progbits
 969              		.align	2
ARM GAS  C:\Users\swaga\AppData\Local\Temp\ccu2qIFk.s 			page 18


 970              		.type	cy_meta_flashprotect, %object
 971              		.size	cy_meta_flashprotect, 256
 972              	cy_meta_flashprotect:
 973 0000 00000000 		.space	256
 973      00000000 
 973      00000000 
 973      00000000 
 973      00000000 
 974              		.text
 975              	.Letext0:
 976              		.file 1 "c:\\program files (x86)\\cypress\\psoc creator\\4.2\\psoc creator\\import\\gnu\\arm\\5.4.
 977              		.file 2 "c:\\program files (x86)\\cypress\\psoc creator\\4.2\\psoc creator\\import\\gnu\\arm\\5.4.
 978              		.file 3 "Generated_Source\\PSoC5\\cymetadata.c"
 979              		.section	.debug_info,"",%progbits
 980              	.Ldebug_info0:
 981 0000 31010000 		.4byte	0x131
 982 0004 0400     		.2byte	0x4
 983 0006 00000000 		.4byte	.Ldebug_abbrev0
 984 000a 04       		.byte	0x4
 985 000b 01       		.uleb128 0x1
 986 000c 24000000 		.4byte	.LASF17
 987 0010 0C       		.byte	0xc
 988 0011 FC010000 		.4byte	.LASF18
 989 0015 F9000000 		.4byte	.LASF19
 990 0019 00000000 		.4byte	.Ldebug_line0
 991 001d 02       		.uleb128 0x2
 992 001e 01       		.byte	0x1
 993 001f 06       		.byte	0x6
 994 0020 F0010000 		.4byte	.LASF0
 995 0024 03       		.uleb128 0x3
 996 0025 00000000 		.4byte	.LASF9
 997 0029 01       		.byte	0x1
 998 002a 1D       		.byte	0x1d
 999 002b 2F000000 		.4byte	0x2f
 1000 002f 02       		.uleb128 0x2
 1001 0030 01       		.byte	0x1
 1002 0031 08       		.byte	0x8
 1003 0032 16000000 		.4byte	.LASF1
 1004 0036 02       		.uleb128 0x2
 1005 0037 02       		.byte	0x2
 1006 0038 05       		.byte	0x5
 1007 0039 DD010000 		.4byte	.LASF2
 1008 003d 02       		.uleb128 0x2
 1009 003e 02       		.byte	0x2
 1010 003f 07       		.byte	0x7
 1011 0040 C4000000 		.4byte	.LASF3
 1012 0044 02       		.uleb128 0x2
 1013 0045 04       		.byte	0x4
 1014 0046 05       		.byte	0x5
 1015 0047 E7010000 		.4byte	.LASF4
 1016 004b 02       		.uleb128 0x2
 1017 004c 04       		.byte	0x4
 1018 004d 07       		.byte	0x7
 1019 004e B2000000 		.4byte	.LASF5
 1020 0052 02       		.uleb128 0x2
 1021 0053 08       		.byte	0x8
 1022 0054 05       		.byte	0x5
ARM GAS  C:\Users\swaga\AppData\Local\Temp\ccu2qIFk.s 			page 19


 1023 0055 CF010000 		.4byte	.LASF6
 1024 0059 02       		.uleb128 0x2
 1025 005a 08       		.byte	0x8
 1026 005b 07       		.byte	0x7
 1027 005c 84010000 		.4byte	.LASF7
 1028 0060 04       		.uleb128 0x4
 1029 0061 04       		.byte	0x4
 1030 0062 05       		.byte	0x5
 1031 0063 696E7400 		.ascii	"int\000"
 1032 0067 02       		.uleb128 0x2
 1033 0068 04       		.byte	0x4
 1034 0069 07       		.byte	0x7
 1035 006a 77010000 		.4byte	.LASF8
 1036 006e 03       		.uleb128 0x3
 1037 006f 9B010000 		.4byte	.LASF10
 1038 0073 02       		.byte	0x2
 1039 0074 18       		.byte	0x18
 1040 0075 24000000 		.4byte	0x24
 1041 0079 05       		.uleb128 0x5
 1042 007a 91000000 		.4byte	0x91
 1043 007e 8A000000 		.4byte	0x8a
 1044 0082 06       		.uleb128 0x6
 1045 0083 8A000000 		.4byte	0x8a
 1046 0087 8703     		.2byte	0x387
 1047 0089 00       		.byte	0
 1048 008a 02       		.uleb128 0x2
 1049 008b 04       		.byte	0x4
 1050 008c 07       		.byte	0x7
 1051 008d C6010000 		.4byte	.LASF11
 1052 0091 07       		.uleb128 0x7
 1053 0092 6E000000 		.4byte	0x6e
 1054 0096 08       		.uleb128 0x8
 1055 0097 E7000000 		.4byte	.LASF12
 1056 009b 03       		.byte	0x3
 1057 009c 1F       		.byte	0x1f
 1058 009d A7000000 		.4byte	0xa7
 1059 00a1 05       		.uleb128 0x5
 1060 00a2 03       		.byte	0x3
 1061 00a3 00000000 		.4byte	cy_meta_configecc
 1062 00a7 07       		.uleb128 0x7
 1063 00a8 79000000 		.4byte	0x79
 1064 00ac 05       		.uleb128 0x5
 1065 00ad 91000000 		.4byte	0x91
 1066 00b1 BC000000 		.4byte	0xbc
 1067 00b5 09       		.uleb128 0x9
 1068 00b6 8A000000 		.4byte	0x8a
 1069 00ba 03       		.byte	0x3
 1070 00bb 00       		.byte	0
 1071 00bc 08       		.uleb128 0x8
 1072 00bd D7000000 		.4byte	.LASF13
 1073 00c1 03       		.byte	0x3
 1074 00c2 9D       		.byte	0x9d
 1075 00c3 CD000000 		.4byte	0xcd
 1076 00c7 05       		.uleb128 0x5
 1077 00c8 03       		.byte	0x3
 1078 00c9 00000000 		.4byte	cy_meta_custnvl
 1079 00cd 07       		.uleb128 0x7
ARM GAS  C:\Users\swaga\AppData\Local\Temp\ccu2qIFk.s 			page 20


 1080 00ce AC000000 		.4byte	0xac
 1081 00d2 08       		.uleb128 0x8
 1082 00d3 B8010000 		.4byte	.LASF14
 1083 00d7 03       		.byte	0x3
 1084 00d8 AB       		.byte	0xab
 1085 00d9 E3000000 		.4byte	0xe3
 1086 00dd 05       		.uleb128 0x5
 1087 00de 03       		.byte	0x3
 1088 00df 00000000 		.4byte	cy_meta_wonvl
 1089 00e3 07       		.uleb128 0x7
 1090 00e4 AC000000 		.4byte	0xac
 1091 00e8 05       		.uleb128 0x5
 1092 00e9 91000000 		.4byte	0x91
 1093 00ed F8000000 		.4byte	0xf8
 1094 00f1 09       		.uleb128 0x9
 1095 00f2 8A000000 		.4byte	0x8a
 1096 00f6 FF       		.byte	0xff
 1097 00f7 00       		.byte	0
 1098 00f8 08       		.uleb128 0x8
 1099 00f9 A3010000 		.4byte	.LASF15
 1100 00fd 03       		.byte	0x3
 1101 00fe B9       		.byte	0xb9
 1102 00ff 09010000 		.4byte	0x109
 1103 0103 05       		.uleb128 0x5
 1104 0104 03       		.byte	0x3
 1105 0105 00000000 		.4byte	cy_meta_flashprotect
 1106 0109 07       		.uleb128 0x7
 1107 010a E8000000 		.4byte	0xe8
 1108 010e 05       		.uleb128 0x5
 1109 010f 91000000 		.4byte	0x91
 1110 0113 1E010000 		.4byte	0x11e
 1111 0117 09       		.uleb128 0x9
 1112 0118 8A000000 		.4byte	0x8a
 1113 011c 0B       		.byte	0xb
 1114 011d 00       		.byte	0
 1115 011e 08       		.uleb128 0x8
 1116 011f 0A000000 		.4byte	.LASF16
 1117 0123 03       		.byte	0x3
 1118 0124 E6       		.byte	0xe6
 1119 0125 2F010000 		.4byte	0x12f
 1120 0129 05       		.uleb128 0x5
 1121 012a 03       		.byte	0x3
 1122 012b 00000000 		.4byte	cy_metadata
 1123 012f 07       		.uleb128 0x7
 1124 0130 0E010000 		.4byte	0x10e
 1125 0134 00       		.byte	0
 1126              		.section	.debug_abbrev,"",%progbits
 1127              	.Ldebug_abbrev0:
 1128 0000 01       		.uleb128 0x1
 1129 0001 11       		.uleb128 0x11
 1130 0002 01       		.byte	0x1
 1131 0003 25       		.uleb128 0x25
 1132 0004 0E       		.uleb128 0xe
 1133 0005 13       		.uleb128 0x13
 1134 0006 0B       		.uleb128 0xb
 1135 0007 03       		.uleb128 0x3
 1136 0008 0E       		.uleb128 0xe
ARM GAS  C:\Users\swaga\AppData\Local\Temp\ccu2qIFk.s 			page 21


 1137 0009 1B       		.uleb128 0x1b
 1138 000a 0E       		.uleb128 0xe
 1139 000b 10       		.uleb128 0x10
 1140 000c 17       		.uleb128 0x17
 1141 000d 00       		.byte	0
 1142 000e 00       		.byte	0
 1143 000f 02       		.uleb128 0x2
 1144 0010 24       		.uleb128 0x24
 1145 0011 00       		.byte	0
 1146 0012 0B       		.uleb128 0xb
 1147 0013 0B       		.uleb128 0xb
 1148 0014 3E       		.uleb128 0x3e
 1149 0015 0B       		.uleb128 0xb
 1150 0016 03       		.uleb128 0x3
 1151 0017 0E       		.uleb128 0xe
 1152 0018 00       		.byte	0
 1153 0019 00       		.byte	0
 1154 001a 03       		.uleb128 0x3
 1155 001b 16       		.uleb128 0x16
 1156 001c 00       		.byte	0
 1157 001d 03       		.uleb128 0x3
 1158 001e 0E       		.uleb128 0xe
 1159 001f 3A       		.uleb128 0x3a
 1160 0020 0B       		.uleb128 0xb
 1161 0021 3B       		.uleb128 0x3b
 1162 0022 0B       		.uleb128 0xb
 1163 0023 49       		.uleb128 0x49
 1164 0024 13       		.uleb128 0x13
 1165 0025 00       		.byte	0
 1166 0026 00       		.byte	0
 1167 0027 04       		.uleb128 0x4
 1168 0028 24       		.uleb128 0x24
 1169 0029 00       		.byte	0
 1170 002a 0B       		.uleb128 0xb
 1171 002b 0B       		.uleb128 0xb
 1172 002c 3E       		.uleb128 0x3e
 1173 002d 0B       		.uleb128 0xb
 1174 002e 03       		.uleb128 0x3
 1175 002f 08       		.uleb128 0x8
 1176 0030 00       		.byte	0
 1177 0031 00       		.byte	0
 1178 0032 05       		.uleb128 0x5
 1179 0033 01       		.uleb128 0x1
 1180 0034 01       		.byte	0x1
 1181 0035 49       		.uleb128 0x49
 1182 0036 13       		.uleb128 0x13
 1183 0037 01       		.uleb128 0x1
 1184 0038 13       		.uleb128 0x13
 1185 0039 00       		.byte	0
 1186 003a 00       		.byte	0
 1187 003b 06       		.uleb128 0x6
 1188 003c 21       		.uleb128 0x21
 1189 003d 00       		.byte	0
 1190 003e 49       		.uleb128 0x49
 1191 003f 13       		.uleb128 0x13
 1192 0040 2F       		.uleb128 0x2f
 1193 0041 05       		.uleb128 0x5
ARM GAS  C:\Users\swaga\AppData\Local\Temp\ccu2qIFk.s 			page 22


 1194 0042 00       		.byte	0
 1195 0043 00       		.byte	0
 1196 0044 07       		.uleb128 0x7
 1197 0045 26       		.uleb128 0x26
 1198 0046 00       		.byte	0
 1199 0047 49       		.uleb128 0x49
 1200 0048 13       		.uleb128 0x13
 1201 0049 00       		.byte	0
 1202 004a 00       		.byte	0
 1203 004b 08       		.uleb128 0x8
 1204 004c 34       		.uleb128 0x34
 1205 004d 00       		.byte	0
 1206 004e 03       		.uleb128 0x3
 1207 004f 0E       		.uleb128 0xe
 1208 0050 3A       		.uleb128 0x3a
 1209 0051 0B       		.uleb128 0xb
 1210 0052 3B       		.uleb128 0x3b
 1211 0053 0B       		.uleb128 0xb
 1212 0054 49       		.uleb128 0x49
 1213 0055 13       		.uleb128 0x13
 1214 0056 3F       		.uleb128 0x3f
 1215 0057 19       		.uleb128 0x19
 1216 0058 02       		.uleb128 0x2
 1217 0059 18       		.uleb128 0x18
 1218 005a 00       		.byte	0
 1219 005b 00       		.byte	0
 1220 005c 09       		.uleb128 0x9
 1221 005d 21       		.uleb128 0x21
 1222 005e 00       		.byte	0
 1223 005f 49       		.uleb128 0x49
 1224 0060 13       		.uleb128 0x13
 1225 0061 2F       		.uleb128 0x2f
 1226 0062 0B       		.uleb128 0xb
 1227 0063 00       		.byte	0
 1228 0064 00       		.byte	0
 1229 0065 00       		.byte	0
 1230              		.section	.debug_aranges,"",%progbits
 1231 0000 14000000 		.4byte	0x14
 1232 0004 0200     		.2byte	0x2
 1233 0006 00000000 		.4byte	.Ldebug_info0
 1234 000a 04       		.byte	0x4
 1235 000b 00       		.byte	0
 1236 000c 0000     		.2byte	0
 1237 000e 0000     		.2byte	0
 1238 0010 00000000 		.4byte	0
 1239 0014 00000000 		.4byte	0
 1240              		.section	.debug_line,"",%progbits
 1241              	.Ldebug_line0:
 1242 0000 3D010000 		.section	.debug_str,"MS",%progbits,1
 1242      02003701 
 1242      00000201 
 1242      FB0E0D00 
 1242      01010101 
 1243              	.LASF9:
 1244 0000 5F5F7569 		.ascii	"__uint8_t\000"
 1244      6E74385F 
 1244      7400
ARM GAS  C:\Users\swaga\AppData\Local\Temp\ccu2qIFk.s 			page 23


 1245              	.LASF16:
 1246 000a 63795F6D 		.ascii	"cy_metadata\000"
 1246      65746164 
 1246      61746100 
 1247              	.LASF1:
 1248 0016 756E7369 		.ascii	"unsigned char\000"
 1248      676E6564 
 1248      20636861 
 1248      7200
 1249              	.LASF17:
 1250 0024 474E5520 		.ascii	"GNU C11 5.4.1 20160609 (release) [ARM/embedded-5-br"
 1250      43313120 
 1250      352E342E 
 1250      31203230 
 1250      31363036 
 1251 0057 616E6368 		.ascii	"anch revision 237715] -mcpu=cortex-m3 -mthumb -g -O"
 1251      20726576 
 1251      6973696F 
 1251      6E203233 
 1251      37373135 
 1252 008a 67202D66 		.ascii	"g -ffunction-sections -ffat-lto-objects\000"
 1252      66756E63 
 1252      74696F6E 
 1252      2D736563 
 1252      74696F6E 
 1253              	.LASF5:
 1254 00b2 6C6F6E67 		.ascii	"long unsigned int\000"
 1254      20756E73 
 1254      69676E65 
 1254      6420696E 
 1254      7400
 1255              	.LASF3:
 1256 00c4 73686F72 		.ascii	"short unsigned int\000"
 1256      7420756E 
 1256      7369676E 
 1256      65642069 
 1256      6E7400
 1257              	.LASF13:
 1258 00d7 63795F6D 		.ascii	"cy_meta_custnvl\000"
 1258      6574615F 
 1258      63757374 
 1258      6E766C00 
 1259              	.LASF12:
 1260 00e7 63795F6D 		.ascii	"cy_meta_configecc\000"
 1260      6574615F 
 1260      636F6E66 
 1260      69676563 
 1260      6300
 1261              	.LASF19:
 1262 00f9 443A5C68 		.ascii	"D:\\h_da\\Lecturs\\SS-20-Systytem Driven Hardware D"
 1262      5F64615C 
 1262      4C656374 
 1262      7572735C 
 1262      53532D32 
 1263 0129 65736967 		.ascii	"esign\\freeSoC2\\Workspace01\\14_DAC_ADC_UART_MATLA"
 1263      6E5C6672 
 1263      6565536F 
ARM GAS  C:\Users\swaga\AppData\Local\Temp\ccu2qIFk.s 			page 24


 1263      43325C57 
 1263      6F726B73 
 1264 0159 425F6461 		.ascii	"B_data_transfer_Copy_01.cydsn\000"
 1264      74615F74 
 1264      72616E73 
 1264      6665725F 
 1264      436F7079 
 1265              	.LASF8:
 1266 0177 756E7369 		.ascii	"unsigned int\000"
 1266      676E6564 
 1266      20696E74 
 1266      00
 1267              	.LASF7:
 1268 0184 6C6F6E67 		.ascii	"long long unsigned int\000"
 1268      206C6F6E 
 1268      6720756E 
 1268      7369676E 
 1268      65642069 
 1269              	.LASF10:
 1270 019b 75696E74 		.ascii	"uint8_t\000"
 1270      385F7400 
 1271              	.LASF15:
 1272 01a3 63795F6D 		.ascii	"cy_meta_flashprotect\000"
 1272      6574615F 
 1272      666C6173 
 1272      6870726F 
 1272      74656374 
 1273              	.LASF14:
 1274 01b8 63795F6D 		.ascii	"cy_meta_wonvl\000"
 1274      6574615F 
 1274      776F6E76 
 1274      6C00
 1275              	.LASF11:
 1276 01c6 73697A65 		.ascii	"sizetype\000"
 1276      74797065 
 1276      00
 1277              	.LASF6:
 1278 01cf 6C6F6E67 		.ascii	"long long int\000"
 1278      206C6F6E 
 1278      6720696E 
 1278      7400
 1279              	.LASF2:
 1280 01dd 73686F72 		.ascii	"short int\000"
 1280      7420696E 
 1280      7400
 1281              	.LASF4:
 1282 01e7 6C6F6E67 		.ascii	"long int\000"
 1282      20696E74 
 1282      00
 1283              	.LASF0:
 1284 01f0 7369676E 		.ascii	"signed char\000"
 1284      65642063 
 1284      68617200 
 1285              	.LASF18:
 1286 01fc 47656E65 		.ascii	"Generated_Source\\PSoC5\\cymetadata.c\000"
 1286      72617465 
 1286      645F536F 
ARM GAS  C:\Users\swaga\AppData\Local\Temp\ccu2qIFk.s 			page 25


 1286      75726365 
 1286      5C50536F 
 1287              		.ident	"GCC: (GNU Tools for ARM Embedded Processors) 5.4.1 20160609 (release) [ARM/embedded-5-bran
