ARM GAS  C:\Users\swaga\AppData\Local\Temp\ccVp4cyQ.s 			page 1


   1              		.syntax unified
   2              		.cpu cortex-m3
   3              		.fpu softvfp
   4              		.eabi_attribute 20, 1
   5              		.eabi_attribute 21, 1
   6              		.eabi_attribute 23, 3
   7              		.eabi_attribute 24, 1
   8              		.eabi_attribute 25, 1
   9              		.eabi_attribute 26, 1
  10              		.eabi_attribute 30, 1
  11              		.eabi_attribute 34, 1
  12              		.eabi_attribute 18, 4
  13              		.thumb
  14              		.syntax unified
  15              		.file	"cymetadata.c"
  16              		.text
  17              	.Ltext0:
  18              		.cfi_sections	.debug_frame
  19              		.global	cy_metadata
  20              		.global	cy_meta_flashprotect
  21              		.global	cy_meta_wonvl
  22              		.global	cy_meta_custnvl
  23              		.global	cy_meta_configecc
  24              		.section	.cyconfigecc,"a",%progbits
  25              		.align	2
  26              		.type	cy_meta_configecc, %object
  27              		.size	cy_meta_configecc, 1192
  28              	cy_meta_configecc:
  29 0000 02       		.byte	2
  30 0001 52       		.byte	82
  31 0002 00       		.byte	0
  32 0003 40       		.byte	64
  33 0004 01       		.byte	1
  34 0005 5A       		.byte	90
  35 0006 00       		.byte	0
  36 0007 40       		.byte	64
  37 0008 03       		.byte	3
  38 0009 64       		.byte	100
  39 000a 00       		.byte	0
  40 000b 40       		.byte	64
  41 000c 01       		.byte	1
  42 000d 01       		.byte	1
  43 000e 01       		.byte	1
  44 000f 40       		.byte	64
  45 0010 02       		.byte	2
  46 0011 03       		.byte	3
  47 0012 01       		.byte	1
  48 0013 40       		.byte	64
  49 0014 01       		.byte	1
  50 0015 05       		.byte	5
  51 0016 01       		.byte	1
  52 0017 40       		.byte	64
  53 0018 02       		.byte	2
  54 0019 09       		.byte	9
  55 001a 01       		.byte	1
  56 001b 40       		.byte	64
  57 001c 5A       		.byte	90
ARM GAS  C:\Users\swaga\AppData\Local\Temp\ccVp4cyQ.s 			page 2


  58 001d 0A       		.byte	10
  59 001e 01       		.byte	1
  60 001f 40       		.byte	64
  61 0020 51       		.byte	81
  62 0021 0B       		.byte	11
  63 0022 01       		.byte	1
  64 0023 40       		.byte	64
  65 0024 52       		.byte	82
  66 0025 0C       		.byte	12
  67 0026 01       		.byte	1
  68 0027 40       		.byte	64
  69 0028 49       		.byte	73
  70 0029 0D       		.byte	13
  71 002a 01       		.byte	1
  72 002b 40       		.byte	64
  73 002c 4E       		.byte	78
  74 002d 0E       		.byte	14
  75 002e 01       		.byte	1
  76 002f 40       		.byte	64
  77 0030 30       		.byte	48
  78 0031 0F       		.byte	15
  79 0032 01       		.byte	1
  80 0033 40       		.byte	64
  81 0034 01       		.byte	1
  82 0035 17       		.byte	23
  83 0036 01       		.byte	1
  84 0037 40       		.byte	64
  85 0038 01       		.byte	1
  86 0039 19       		.byte	25
  87 003a 01       		.byte	1
  88 003b 40       		.byte	64
  89 003c 07       		.byte	7
  90 003d 40       		.byte	64
  91 003e 01       		.byte	1
  92 003f 40       		.byte	64
  93 0040 09       		.byte	9
  94 0041 41       		.byte	65
  95 0042 01       		.byte	1
  96 0043 40       		.byte	64
  97 0044 06       		.byte	6
  98 0045 42       		.byte	66
  99 0046 01       		.byte	1
 100 0047 40       		.byte	64
 101 0048 01       		.byte	1
 102 0049 43       		.byte	67
 103 004a 01       		.byte	1
 104 004b 40       		.byte	64
 105 004c 06       		.byte	6
 106 004d 44       		.byte	68
 107 004e 01       		.byte	1
 108 004f 40       		.byte	64
 109 0050 08       		.byte	8
 110 0051 45       		.byte	69
 111 0052 01       		.byte	1
 112 0053 40       		.byte	64
 113 0054 07       		.byte	7
 114 0055 46       		.byte	70
ARM GAS  C:\Users\swaga\AppData\Local\Temp\ccVp4cyQ.s 			page 3


 115 0056 01       		.byte	1
 116 0057 40       		.byte	64
 117 0058 01       		.byte	1
 118 0059 47       		.byte	71
 119 005a 01       		.byte	1
 120 005b 40       		.byte	64
 121 005c 06       		.byte	6
 122 005d 48       		.byte	72
 123 005e 01       		.byte	1
 124 005f 40       		.byte	64
 125 0060 02       		.byte	2
 126 0061 4C       		.byte	76
 127 0062 01       		.byte	1
 128 0063 40       		.byte	64
 129 0064 03       		.byte	3
 130 0065 50       		.byte	80
 131 0066 01       		.byte	1
 132 0067 40       		.byte	64
 133 0068 02       		.byte	2
 134 0069 51       		.byte	81
 135 006a 01       		.byte	1
 136 006b 40       		.byte	64
 137 006c 11       		.byte	17
 138 006d 02       		.byte	2
 139 006e 14       		.byte	20
 140 006f 01       		.byte	1
 141 0070 87       		.byte	-121
 142 0071 01       		.byte	1
 143 0072 8A       		.byte	-118
 144 0073 38       		.byte	56
 145 0074 8C       		.byte	-116
 146 0075 0F       		.byte	15
 147 0076 8E       		.byte	-114
 148 0077 72       		.byte	114
 149 0078 E0       		.byte	-32
 150 0079 40       		.byte	64
 151 007a E6       		.byte	-26
 152 007b 02       		.byte	2
 153 007c EE       		.byte	-18
 154 007d 04       		.byte	4
 155 007e E2       		.byte	-30
 156 007f 02       		.byte	2
 157 0080 B1       		.byte	-79
 158 0081 20       		.byte	32
 159 0082 B3       		.byte	-77
 160 0083 02       		.byte	2
 161 0084 00       		.byte	0
 162 0085 10       		.byte	16
 163 0086 02       		.byte	2
 164 0087 20       		.byte	32
 165 0088 04       		.byte	4
 166 0089 40       		.byte	64
 167 008a 05       		.byte	5
 168 008b 01       		.byte	1
 169 008c 06       		.byte	6
 170 008d 20       		.byte	32
 171 008e 08       		.byte	8
ARM GAS  C:\Users\swaga\AppData\Local\Temp\ccVp4cyQ.s 			page 4


 172 008f 70       		.byte	112
 173 0090 0B       		.byte	11
 174 0091 04       		.byte	4
 175 0092 0C       		.byte	12
 176 0093 20       		.byte	32
 177 0094 0E       		.byte	14
 178 0095 50       		.byte	80
 179 0096 0F       		.byte	15
 180 0097 04       		.byte	4
 181 0098 10       		.byte	16
 182 0099 01       		.byte	1
 183 009a 11       		.byte	17
 184 009b 01       		.byte	1
 185 009c 12       		.byte	18
 186 009d 06       		.byte	6
 187 009e 14       		.byte	20
 188 009f 01       		.byte	1
 189 00a0 16       		.byte	22
 190 00a1 0E       		.byte	14
 191 00a2 17       		.byte	23
 192 00a3 02       		.byte	2
 193 00a4 1A       		.byte	26
 194 00a5 03       		.byte	3
 195 00a6 1B       		.byte	27
 196 00a7 02       		.byte	2
 197 00a8 1E       		.byte	30
 198 00a9 0C       		.byte	12
 199 00aa 20       		.byte	32
 200 00ab 0C       		.byte	12
 201 00ac 22       		.byte	34
 202 00ad 03       		.byte	3
 203 00ae 24       		.byte	36
 204 00af 70       		.byte	112
 205 00b0 29       		.byte	41
 206 00b1 01       		.byte	1
 207 00b2 2A       		.byte	42
 208 00b3 08       		.byte	8
 209 00b4 30       		.byte	48
 210 00b5 70       		.byte	112
 211 00b6 31       		.byte	49
 212 00b7 01       		.byte	1
 213 00b8 33       		.byte	51
 214 00b9 02       		.byte	2
 215 00ba 34       		.byte	52
 216 00bb 0F       		.byte	15
 217 00bc 35       		.byte	53
 218 00bd 04       		.byte	4
 219 00be 3A       		.byte	58
 220 00bf 20       		.byte	32
 221 00c0 3F       		.byte	63
 222 00c1 14       		.byte	20
 223 00c2 40       		.byte	64
 224 00c3 25       		.byte	37
 225 00c4 41       		.byte	65
 226 00c5 04       		.byte	4
 227 00c6 42       		.byte	66
 228 00c7 06       		.byte	6
ARM GAS  C:\Users\swaga\AppData\Local\Temp\ccVp4cyQ.s 			page 5


 229 00c8 44       		.byte	68
 230 00c9 03       		.byte	3
 231 00ca 45       		.byte	69
 232 00cb 0C       		.byte	12
 233 00cc 46       		.byte	70
 234 00cd E0       		.byte	-32
 235 00ce 48       		.byte	72
 236 00cf 09       		.byte	9
 237 00d0 49       		.byte	73
 238 00d1 FF       		.byte	-1
 239 00d2 4A       		.byte	74
 240 00d3 FF       		.byte	-1
 241 00d4 4B       		.byte	75
 242 00d5 FF       		.byte	-1
 243 00d6 4C       		.byte	76
 244 00d7 62       		.byte	98
 245 00d8 4D       		.byte	77
 246 00d9 A0       		.byte	-96
 247 00da 4E       		.byte	78
 248 00db F0       		.byte	-16
 249 00dc 4F       		.byte	79
 250 00dd 41       		.byte	65
 251 00de 50       		.byte	80
 252 00df 0C       		.byte	12
 253 00e0 54       		.byte	84
 254 00e1 18       		.byte	24
 255 00e2 56       		.byte	86
 256 00e3 04       		.byte	4
 257 00e4 58       		.byte	88
 258 00e5 04       		.byte	4
 259 00e6 59       		.byte	89
 260 00e7 04       		.byte	4
 261 00e8 5A       		.byte	90
 262 00e9 04       		.byte	4
 263 00ea 5B       		.byte	91
 264 00eb 04       		.byte	4
 265 00ec 5C       		.byte	92
 266 00ed 11       		.byte	17
 267 00ee 5D       		.byte	93
 268 00ef 11       		.byte	17
 269 00f0 5F       		.byte	95
 270 00f1 01       		.byte	1
 271 00f2 66       		.byte	102
 272 00f3 40       		.byte	64
 273 00f4 67       		.byte	103
 274 00f5 02       		.byte	2
 275 00f6 69       		.byte	105
 276 00f7 10       		.byte	16
 277 00f8 6A       		.byte	106
 278 00f9 30       		.byte	48
 279 00fa 6B       		.byte	107
 280 00fb 10       		.byte	16
 281 00fc 6D       		.byte	109
 282 00fd 10       		.byte	16
 283 00fe 6E       		.byte	110
 284 00ff 10       		.byte	16
 285 0100 6F       		.byte	111
ARM GAS  C:\Users\swaga\AppData\Local\Temp\ccVp4cyQ.s 			page 6


 286 0101 12       		.byte	18
 287 0102 81       		.byte	-127
 288 0103 09       		.byte	9
 289 0104 83       		.byte	-125
 290 0105 10       		.byte	16
 291 0106 85       		.byte	-123
 292 0107 14       		.byte	20
 293 0108 89       		.byte	-119
 294 0109 10       		.byte	16
 295 010a 8A       		.byte	-118
 296 010b 01       		.byte	1
 297 010c 90       		.byte	-112
 298 010d 01       		.byte	1
 299 010e 95       		.byte	-107
 300 010f 0C       		.byte	12
 301 0110 96       		.byte	-106
 302 0111 01       		.byte	1
 303 0112 97       		.byte	-105
 304 0113 11       		.byte	17
 305 0114 98       		.byte	-104
 306 0115 01       		.byte	1
 307 0116 99       		.byte	-103
 308 0117 1C       		.byte	28
 309 0118 9B       		.byte	-101
 310 0119 02       		.byte	2
 311 011a 9D       		.byte	-99
 312 011b 20       		.byte	32
 313 011c 9F       		.byte	-97
 314 011d 03       		.byte	3
 315 011e AA       		.byte	-86
 316 011f 01       		.byte	1
 317 0120 AD       		.byte	-83
 318 0121 10       		.byte	16
 319 0122 AF       		.byte	-81
 320 0123 0C       		.byte	12
 321 0124 B0       		.byte	-80
 322 0125 01       		.byte	1
 323 0126 B5       		.byte	-75
 324 0127 20       		.byte	32
 325 0128 B7       		.byte	-73
 326 0129 1F       		.byte	31
 327 012a B9       		.byte	-71
 328 012b 08       		.byte	8
 329 012c BE       		.byte	-66
 330 012d 01       		.byte	1
 331 012e BF       		.byte	-65
 332 012f 14       		.byte	20
 333 0130 D8       		.byte	-40
 334 0131 04       		.byte	4
 335 0132 D9       		.byte	-39
 336 0133 04       		.byte	4
 337 0134 DC       		.byte	-36
 338 0135 10       		.byte	16
 339 0136 DF       		.byte	-33
 340 0137 01       		.byte	1
 341 0138 00       		.byte	0
 342 0139 40       		.byte	64
ARM GAS  C:\Users\swaga\AppData\Local\Temp\ccVp4cyQ.s 			page 7


 343 013a 01       		.byte	1
 344 013b 02       		.byte	2
 345 013c 03       		.byte	3
 346 013d 2C       		.byte	44
 347 013e 05       		.byte	5
 348 013f 20       		.byte	32
 349 0140 08       		.byte	8
 350 0141 18       		.byte	24
 351 0142 0A       		.byte	10
 352 0143 41       		.byte	65
 353 0144 0D       		.byte	13
 354 0145 01       		.byte	1
 355 0146 0E       		.byte	14
 356 0147 48       		.byte	72
 357 0148 0F       		.byte	15
 358 0149 20       		.byte	32
 359 014a 11       		.byte	17
 360 014b 04       		.byte	4
 361 014c 13       		.byte	19
 362 014d 12       		.byte	18
 363 014e 16       		.byte	22
 364 014f 08       		.byte	8
 365 0150 18       		.byte	24
 366 0151 40       		.byte	64
 367 0152 19       		.byte	25
 368 0153 20       		.byte	32
 369 0154 1A       		.byte	26
 370 0155 80       		.byte	-128
 371 0156 1E       		.byte	30
 372 0157 80       		.byte	-128
 373 0158 21       		.byte	33
 374 0159 20       		.byte	32
 375 015a 22       		.byte	34
 376 015b 06       		.byte	6
 377 015c 25       		.byte	37
 378 015d 04       		.byte	4
 379 015e 26       		.byte	38
 380 015f 90       		.byte	-112
 381 0160 28       		.byte	40
 382 0161 10       		.byte	16
 383 0162 2A       		.byte	42
 384 0163 08       		.byte	8
 385 0164 2B       		.byte	43
 386 0165 08       		.byte	8
 387 0166 2E       		.byte	46
 388 0167 40       		.byte	64
 389 0168 30       		.byte	48
 390 0169 02       		.byte	2
 391 016a 31       		.byte	49
 392 016b 14       		.byte	20
 393 016c 32       		.byte	50
 394 016d 10       		.byte	16
 395 016e 34       		.byte	52
 396 016f 08       		.byte	8
 397 0170 35       		.byte	53
 398 0171 20       		.byte	32
 399 0172 36       		.byte	54
ARM GAS  C:\Users\swaga\AppData\Local\Temp\ccVp4cyQ.s 			page 8


 400 0173 84       		.byte	-124
 401 0174 39       		.byte	57
 402 0175 84       		.byte	-124
 403 0176 3B       		.byte	59
 404 0177 20       		.byte	32
 405 0178 3C       		.byte	60
 406 0179 20       		.byte	32
 407 017a 3D       		.byte	61
 408 017b 02       		.byte	2
 409 017c 3E       		.byte	62
 410 017d 01       		.byte	1
 411 017e 3F       		.byte	63
 412 017f 14       		.byte	20
 413 0180 40       		.byte	64
 414 0181 10       		.byte	16
 415 0182 42       		.byte	66
 416 0183 04       		.byte	4
 417 0184 43       		.byte	67
 418 0185 02       		.byte	2
 419 0186 48       		.byte	72
 420 0187 01       		.byte	1
 421 0188 49       		.byte	73
 422 0189 14       		.byte	20
 423 018a 4A       		.byte	74
 424 018b 02       		.byte	2
 425 018c 53       		.byte	83
 426 018d 10       		.byte	16
 427 018e 59       		.byte	89
 428 018f 01       		.byte	1
 429 0190 61       		.byte	97
 430 0191 22       		.byte	34
 431 0192 63       		.byte	99
 432 0193 02       		.byte	2
 433 0194 85       		.byte	-123
 434 0195 02       		.byte	2
 435 0196 86       		.byte	-122
 436 0197 10       		.byte	16
 437 0198 8A       		.byte	-118
 438 0199 04       		.byte	4
 439 019a 8B       		.byte	-117
 440 019b 01       		.byte	1
 441 019c 90       		.byte	-112
 442 019d 10       		.byte	16
 443 019e 91       		.byte	-111
 444 019f 86       		.byte	-122
 445 01a0 92       		.byte	-110
 446 01a1 24       		.byte	36
 447 01a2 93       		.byte	-109
 448 01a3 04       		.byte	4
 449 01a4 96       		.byte	-106
 450 01a5 80       		.byte	-128
 451 01a6 99       		.byte	-103
 452 01a7 03       		.byte	3
 453 01a8 9A       		.byte	-102
 454 01a9 08       		.byte	8
 455 01aa 9B       		.byte	-101
 456 01ab 04       		.byte	4
ARM GAS  C:\Users\swaga\AppData\Local\Temp\ccVp4cyQ.s 			page 9


 457 01ac 9D       		.byte	-99
 458 01ad 20       		.byte	32
 459 01ae A0       		.byte	-96
 460 01af 12       		.byte	18
 461 01b0 A1       		.byte	-95
 462 01b1 01       		.byte	1
 463 01b2 A2       		.byte	-94
 464 01b3 04       		.byte	4
 465 01b4 A3       		.byte	-93
 466 01b5 32       		.byte	50
 467 01b6 A4       		.byte	-92
 468 01b7 01       		.byte	1
 469 01b8 A5       		.byte	-91
 470 01b9 04       		.byte	4
 471 01ba A6       		.byte	-90
 472 01bb 40       		.byte	64
 473 01bc AD       		.byte	-83
 474 01bd 80       		.byte	-128
 475 01be B4       		.byte	-76
 476 01bf 40       		.byte	64
 477 01c0 B5       		.byte	-75
 478 01c1 02       		.byte	2
 479 01c2 C0       		.byte	-64
 480 01c3 4F       		.byte	79
 481 01c4 C2       		.byte	-62
 482 01c5 7F       		.byte	127
 483 01c6 C4       		.byte	-60
 484 01c7 4E       		.byte	78
 485 01c8 CA       		.byte	-54
 486 01c9 14       		.byte	20
 487 01ca CC       		.byte	-52
 488 01cb 77       		.byte	119
 489 01cc CE       		.byte	-50
 490 01cd EE       		.byte	-18
 491 01ce D0       		.byte	-48
 492 01cf 07       		.byte	7
 493 01d0 D2       		.byte	-46
 494 01d1 0C       		.byte	12
 495 01d2 D6       		.byte	-42
 496 01d3 01       		.byte	1
 497 01d4 D8       		.byte	-40
 498 01d5 0D       		.byte	13
 499 01d6 E4       		.byte	-28
 500 01d7 08       		.byte	8
 501 01d8 EA       		.byte	-22
 502 01d9 08       		.byte	8
 503 01da 03       		.byte	3
 504 01db 30       		.byte	48
 505 01dc 05       		.byte	5
 506 01dd 02       		.byte	2
 507 01de 07       		.byte	7
 508 01df 08       		.byte	8
 509 01e0 0B       		.byte	11
 510 01e1 10       		.byte	16
 511 01e2 0E       		.byte	14
 512 01e3 01       		.byte	1
 513 01e4 11       		.byte	17
ARM GAS  C:\Users\swaga\AppData\Local\Temp\ccVp4cyQ.s 			page 10


 514 01e5 01       		.byte	1
 515 01e6 13       		.byte	19
 516 01e7 28       		.byte	40
 517 01e8 15       		.byte	21
 518 01e9 01       		.byte	1
 519 01ea 17       		.byte	23
 520 01eb 18       		.byte	24
 521 01ec 19       		.byte	25
 522 01ed 30       		.byte	48
 523 01ee 1B       		.byte	27
 524 01ef 09       		.byte	9
 525 01f0 21       		.byte	33
 526 01f1 04       		.byte	4
 527 01f2 31       		.byte	49
 528 01f3 03       		.byte	3
 529 01f4 33       		.byte	51
 530 01f5 38       		.byte	56
 531 01f6 35       		.byte	53
 532 01f7 04       		.byte	4
 533 01f8 36       		.byte	54
 534 01f9 01       		.byte	1
 535 01fa 39       		.byte	57
 536 01fb 02       		.byte	2
 537 01fc 3B       		.byte	59
 538 01fd 08       		.byte	8
 539 01fe 3F       		.byte	63
 540 01ff 10       		.byte	16
 541 0200 40       		.byte	64
 542 0201 52       		.byte	82
 543 0202 41       		.byte	65
 544 0203 06       		.byte	6
 545 0204 45       		.byte	69
 546 0205 EB       		.byte	-21
 547 0206 46       		.byte	70
 548 0207 C0       		.byte	-64
 549 0208 48       		.byte	72
 550 0209 0B       		.byte	11
 551 020a 49       		.byte	73
 552 020b FF       		.byte	-1
 553 020c 4A       		.byte	74
 554 020d FF       		.byte	-1
 555 020e 4B       		.byte	75
 556 020f FF       		.byte	-1
 557 0210 4E       		.byte	78
 558 0211 F0       		.byte	-16
 559 0212 4F       		.byte	79
 560 0213 44       		.byte	68
 561 0214 50       		.byte	80
 562 0215 0C       		.byte	12
 563 0216 54       		.byte	84
 564 0217 01       		.byte	1
 565 0218 56       		.byte	86
 566 0219 04       		.byte	4
 567 021a 58       		.byte	88
 568 021b 04       		.byte	4
 569 021c 59       		.byte	89
 570 021d 04       		.byte	4
ARM GAS  C:\Users\swaga\AppData\Local\Temp\ccVp4cyQ.s 			page 11


 571 021e 5A       		.byte	90
 572 021f 04       		.byte	4
 573 0220 5B       		.byte	91
 574 0221 04       		.byte	4
 575 0222 5C       		.byte	92
 576 0223 13       		.byte	19
 577 0224 5D       		.byte	93
 578 0225 11       		.byte	17
 579 0226 5F       		.byte	95
 580 0227 01       		.byte	1
 581 0228 66       		.byte	102
 582 0229 C0       		.byte	-64
 583 022a 6A       		.byte	106
 584 022b 40       		.byte	64
 585 022c 6B       		.byte	107
 586 022d 02       		.byte	2
 587 022e 80       		.byte	-128
 588 022f 09       		.byte	9
 589 0230 82       		.byte	-126
 590 0231 34       		.byte	52
 591 0232 84       		.byte	-124
 592 0233 12       		.byte	18
 593 0234 86       		.byte	-122
 594 0235 28       		.byte	40
 595 0236 87       		.byte	-121
 596 0237 0A       		.byte	10
 597 0238 88       		.byte	-120
 598 0239 18       		.byte	24
 599 023a 89       		.byte	-119
 600 023b 06       		.byte	6
 601 023c 8B       		.byte	-117
 602 023d 08       		.byte	8
 603 023e 8C       		.byte	-116
 604 023f 03       		.byte	3
 605 0240 8F       		.byte	-113
 606 0241 10       		.byte	16
 607 0242 90       		.byte	-112
 608 0243 03       		.byte	3
 609 0244 91       		.byte	-111
 610 0245 06       		.byte	6
 611 0246 92       		.byte	-110
 612 0247 40       		.byte	64
 613 0248 93       		.byte	-109
 614 0249 18       		.byte	24
 615 024a 96       		.byte	-106
 616 024b 03       		.byte	3
 617 024c 97       		.byte	-105
 618 024d 01       		.byte	1
 619 024e 98       		.byte	-104
 620 024f 03       		.byte	3
 621 0250 99       		.byte	-103
 622 0251 06       		.byte	6
 623 0252 9B       		.byte	-101
 624 0253 08       		.byte	8
 625 0254 9E       		.byte	-98
 626 0255 03       		.byte	3
 627 0256 A2       		.byte	-94
ARM GAS  C:\Users\swaga\AppData\Local\Temp\ccVp4cyQ.s 			page 12


 628 0257 03       		.byte	3
 629 0258 A3       		.byte	-93
 630 0259 01       		.byte	1
 631 025a A4       		.byte	-92
 632 025b 18       		.byte	24
 633 025c A5       		.byte	-91
 634 025d 01       		.byte	1
 635 025e A9       		.byte	-87
 636 025f 14       		.byte	20
 637 0260 AB       		.byte	-85
 638 0261 08       		.byte	8
 639 0262 AD       		.byte	-83
 640 0263 01       		.byte	1
 641 0264 B0       		.byte	-80
 642 0265 03       		.byte	3
 643 0266 B1       		.byte	-79
 644 0267 1E       		.byte	30
 645 0268 B2       		.byte	-78
 646 0269 60       		.byte	96
 647 026a B4       		.byte	-76
 648 026b 18       		.byte	24
 649 026c B6       		.byte	-74
 650 026d 04       		.byte	4
 651 026e B7       		.byte	-73
 652 026f 01       		.byte	1
 653 0270 B9       		.byte	-71
 654 0271 80       		.byte	-128
 655 0272 BB       		.byte	-69
 656 0273 02       		.byte	2
 657 0274 BE       		.byte	-66
 658 0275 04       		.byte	4
 659 0276 D8       		.byte	-40
 660 0277 04       		.byte	4
 661 0278 D9       		.byte	-39
 662 0279 04       		.byte	4
 663 027a DC       		.byte	-36
 664 027b 11       		.byte	17
 665 027c DF       		.byte	-33
 666 027d 01       		.byte	1
 667 027e 00       		.byte	0
 668 027f 04       		.byte	4
 669 0280 01       		.byte	1
 670 0281 02       		.byte	2
 671 0282 03       		.byte	3
 672 0283 06       		.byte	6
 673 0284 05       		.byte	5
 674 0285 80       		.byte	-128
 675 0286 08       		.byte	8
 676 0287 51       		.byte	81
 677 0288 09       		.byte	9
 678 0289 08       		.byte	8
 679 028a 0A       		.byte	10
 680 028b 85       		.byte	-123
 681 028c 0B       		.byte	11
 682 028d 10       		.byte	16
 683 028e 11       		.byte	17
 684 028f 04       		.byte	4
ARM GAS  C:\Users\swaga\AppData\Local\Temp\ccVp4cyQ.s 			page 13


 685 0290 12       		.byte	18
 686 0291 40       		.byte	64
 687 0292 18       		.byte	24
 688 0293 14       		.byte	20
 689 0294 19       		.byte	25
 690 0295 01       		.byte	1
 691 0296 1A       		.byte	26
 692 0297 02       		.byte	2
 693 0298 1B       		.byte	27
 694 0299 20       		.byte	32
 695 029a 1D       		.byte	29
 696 029b 40       		.byte	64
 697 029c 21       		.byte	33
 698 029d 41       		.byte	65
 699 029e 22       		.byte	34
 700 029f 02       		.byte	2
 701 02a0 24       		.byte	36
 702 02a1 80       		.byte	-128
 703 02a2 25       		.byte	37
 704 02a3 01       		.byte	1
 705 02a4 26       		.byte	38
 706 02a5 0C       		.byte	12
 707 02a6 27       		.byte	39
 708 02a7 18       		.byte	24
 709 02a8 28       		.byte	40
 710 02a9 50       		.byte	80
 711 02aa 29       		.byte	41
 712 02ab 20       		.byte	32
 713 02ac 2B       		.byte	43
 714 02ad 02       		.byte	2
 715 02ae 2D       		.byte	45
 716 02af 01       		.byte	1
 717 02b0 31       		.byte	49
 718 02b1 08       		.byte	8
 719 02b2 32       		.byte	50
 720 02b3 02       		.byte	2
 721 02b4 33       		.byte	51
 722 02b5 10       		.byte	16
 723 02b6 35       		.byte	53
 724 02b7 20       		.byte	32
 725 02b8 36       		.byte	54
 726 02b9 06       		.byte	6
 727 02ba 38       		.byte	56
 728 02bb 80       		.byte	-128
 729 02bc 39       		.byte	57
 730 02bd 10       		.byte	16
 731 02be 3A       		.byte	58
 732 02bf 28       		.byte	40
 733 02c0 3C       		.byte	60
 734 02c1 20       		.byte	32
 735 02c2 3D       		.byte	61
 736 02c3 02       		.byte	2
 737 02c4 3E       		.byte	62
 738 02c5 08       		.byte	8
 739 02c6 46       		.byte	70
 740 02c7 08       		.byte	8
 741 02c8 4D       		.byte	77
ARM GAS  C:\Users\swaga\AppData\Local\Temp\ccVp4cyQ.s 			page 14


 742 02c9 01       		.byte	1
 743 02ca 4E       		.byte	78
 744 02cb 0A       		.byte	10
 745 02cc 4F       		.byte	79
 746 02cd 04       		.byte	4
 747 02ce 56       		.byte	86
 748 02cf 20       		.byte	32
 749 02d0 57       		.byte	87
 750 02d1 10       		.byte	16
 751 02d2 5D       		.byte	93
 752 02d3 11       		.byte	17
 753 02d4 5E       		.byte	94
 754 02d5 80       		.byte	-128
 755 02d6 5F       		.byte	95
 756 02d7 08       		.byte	8
 757 02d8 67       		.byte	103
 758 02d9 40       		.byte	64
 759 02da 87       		.byte	-121
 760 02db 40       		.byte	64
 761 02dc 91       		.byte	-111
 762 02dd 04       		.byte	4
 763 02de 92       		.byte	-110
 764 02df 25       		.byte	37
 765 02e0 93       		.byte	-109
 766 02e1 10       		.byte	16
 767 02e2 94       		.byte	-108
 768 02e3 44       		.byte	68
 769 02e4 96       		.byte	-106
 770 02e5 02       		.byte	2
 771 02e6 9A       		.byte	-102
 772 02e7 48       		.byte	72
 773 02e8 9B       		.byte	-101
 774 02e9 04       		.byte	4
 775 02ea 9C       		.byte	-100
 776 02eb 01       		.byte	1
 777 02ec 9D       		.byte	-99
 778 02ed 62       		.byte	98
 779 02ee A0       		.byte	-96
 780 02ef 12       		.byte	18
 781 02f0 A3       		.byte	-93
 782 02f1 02       		.byte	2
 783 02f2 A4       		.byte	-92
 784 02f3 01       		.byte	1
 785 02f4 A5       		.byte	-91
 786 02f5 04       		.byte	4
 787 02f6 A6       		.byte	-90
 788 02f7 06       		.byte	6
 789 02f8 AB       		.byte	-85
 790 02f9 20       		.byte	32
 791 02fa B5       		.byte	-75
 792 02fb 04       		.byte	4
 793 02fc C0       		.byte	-64
 794 02fd 8F       		.byte	-113
 795 02fe C2       		.byte	-62
 796 02ff 0F       		.byte	15
 797 0300 C4       		.byte	-60
 798 0301 0C       		.byte	12
ARM GAS  C:\Users\swaga\AppData\Local\Temp\ccVp4cyQ.s 			page 15


 799 0302 CA       		.byte	-54
 800 0303 8F       		.byte	-113
 801 0304 CC       		.byte	-52
 802 0305 E7       		.byte	-25
 803 0306 CE       		.byte	-50
 804 0307 EE       		.byte	-18
 805 0308 D0       		.byte	-48
 806 0309 20       		.byte	32
 807 030a D2       		.byte	-46
 808 030b 30       		.byte	48
 809 030c D6       		.byte	-42
 810 030d F0       		.byte	-16
 811 030e D8       		.byte	-40
 812 030f 80       		.byte	-128
 813 0310 01       		.byte	1
 814 0311 10       		.byte	16
 815 0312 02       		.byte	2
 816 0313 13       		.byte	19
 817 0314 04       		.byte	4
 818 0315 02       		.byte	2
 819 0316 05       		.byte	5
 820 0317 18       		.byte	24
 821 0318 09       		.byte	9
 822 0319 08       		.byte	8
 823 031a 0C       		.byte	12
 824 031b 01       		.byte	1
 825 031c 0F       		.byte	15
 826 031d 26       		.byte	38
 827 031e 10       		.byte	16
 828 031f 1F       		.byte	31
 829 0320 13       		.byte	19
 830 0321 01       		.byte	1
 831 0322 14       		.byte	20
 832 0323 0C       		.byte	12
 833 0324 15       		.byte	21
 834 0325 39       		.byte	57
 835 0326 16       		.byte	22
 836 0327 13       		.byte	19
 837 0328 17       		.byte	23
 838 0329 04       		.byte	4
 839 032a 18       		.byte	24
 840 032b 13       		.byte	19
 841 032c 1A       		.byte	26
 842 032d 0C       		.byte	12
 843 032e 1C       		.byte	28
 844 032f 0F       		.byte	15
 845 0330 1D       		.byte	29
 846 0331 19       		.byte	25
 847 0332 1E       		.byte	30
 848 0333 10       		.byte	16
 849 0334 1F       		.byte	31
 850 0335 22       		.byte	34
 851 0336 20       		.byte	32
 852 0337 08       		.byte	8
 853 0338 21       		.byte	33
 854 0339 01       		.byte	1
 855 033a 24       		.byte	36
ARM GAS  C:\Users\swaga\AppData\Local\Temp\ccVp4cyQ.s 			page 16


 856 033b 04       		.byte	4
 857 033c 28       		.byte	40
 858 033d 0C       		.byte	12
 859 033e 29       		.byte	41
 860 033f 27       		.byte	39
 861 0340 2B       		.byte	43
 862 0341 18       		.byte	24
 863 0342 2C       		.byte	44
 864 0343 03       		.byte	3
 865 0344 2D       		.byte	45
 866 0345 3F       		.byte	63
 867 0346 33       		.byte	51
 868 0347 1F       		.byte	31
 869 0348 34       		.byte	52
 870 0349 0F       		.byte	15
 871 034a 35       		.byte	53
 872 034b 38       		.byte	56
 873 034c 36       		.byte	54
 874 034d 1C       		.byte	28
 875 034e 3A       		.byte	58
 876 034f A2       		.byte	-94
 877 0350 3B       		.byte	59
 878 0351 08       		.byte	8
 879 0352 56       		.byte	86
 880 0353 02       		.byte	2
 881 0354 57       		.byte	87
 882 0355 12       		.byte	18
 883 0356 58       		.byte	88
 884 0357 04       		.byte	4
 885 0358 59       		.byte	89
 886 0359 04       		.byte	4
 887 035a 5B       		.byte	91
 888 035b 04       		.byte	4
 889 035c 5C       		.byte	92
 890 035d 11       		.byte	17
 891 035e 5D       		.byte	93
 892 035f 10       		.byte	16
 893 0360 5F       		.byte	95
 894 0361 01       		.byte	1
 895 0362 81       		.byte	-127
 896 0363 01       		.byte	1
 897 0364 85       		.byte	-123
 898 0365 01       		.byte	1
 899 0366 89       		.byte	-119
 900 0367 01       		.byte	1
 901 0368 8C       		.byte	-116
 902 0369 01       		.byte	1
 903 036a 8E       		.byte	-114
 904 036b 02       		.byte	2
 905 036c 91       		.byte	-111
 906 036d 06       		.byte	6
 907 036e 92       		.byte	-110
 908 036f 01       		.byte	1
 909 0370 95       		.byte	-107
 910 0371 06       		.byte	6
 911 0372 A1       		.byte	-95
 912 0373 01       		.byte	1
ARM GAS  C:\Users\swaga\AppData\Local\Temp\ccVp4cyQ.s 			page 17


 913 0374 A7       		.byte	-89
 914 0375 02       		.byte	2
 915 0376 A9       		.byte	-87
 916 0377 04       		.byte	4
 917 0378 B0       		.byte	-80
 918 0379 02       		.byte	2
 919 037a B3       		.byte	-77
 920 037b 06       		.byte	6
 921 037c B4       		.byte	-76
 922 037d 01       		.byte	1
 923 037e B5       		.byte	-75
 924 037f 01       		.byte	1
 925 0380 B9       		.byte	-71
 926 0381 08       		.byte	8
 927 0382 BF       		.byte	-65
 928 0383 14       		.byte	20
 929 0384 C0       		.byte	-64
 930 0385 02       		.byte	2
 931 0386 C6       		.byte	-58
 932 0387 40       		.byte	64
 933 0388 C9       		.byte	-55
 934 0389 FF       		.byte	-1
 935 038a CA       		.byte	-54
 936 038b 07       		.byte	7
 937 038c CB       		.byte	-53
 938 038d FF       		.byte	-1
 939 038e CC       		.byte	-52
 940 038f 40       		.byte	64
 941 0390 CD       		.byte	-51
 942 0391 20       		.byte	32
 943 0392 CE       		.byte	-50
 944 0393 F0       		.byte	-16
 945 0394 CF       		.byte	-49
 946 0395 05       		.byte	5
 947 0396 D0       		.byte	-48
 948 0397 08       		.byte	8
 949 0398 D8       		.byte	-40
 950 0399 04       		.byte	4
 951 039a D9       		.byte	-39
 952 039b 04       		.byte	4
 953 039c DA       		.byte	-38
 954 039d 04       		.byte	4
 955 039e DC       		.byte	-36
 956 039f 03       		.byte	3
 957 03a0 DD       		.byte	-35
 958 03a1 01       		.byte	1
 959 03a2 DF       		.byte	-33
 960 03a3 01       		.byte	1
 961 03a4 E0       		.byte	-32
 962 03a5 40       		.byte	64
 963 03a6 E1       		.byte	-31
 964 03a7 A8       		.byte	-88
 965 03a8 E2       		.byte	-30
 966 03a9 40       		.byte	64
 967 03aa E3       		.byte	-29
 968 03ab 20       		.byte	32
 969 03ac 00       		.byte	0
ARM GAS  C:\Users\swaga\AppData\Local\Temp\ccVp4cyQ.s 			page 18


 970 03ad 46       		.byte	70
 971 03ae 02       		.byte	2
 972 03af 40       		.byte	64
 973 03b0 05       		.byte	5
 974 03b1 40       		.byte	64
 975 03b2 0A       		.byte	10
 976 03b3 45       		.byte	69
 977 03b4 0B       		.byte	11
 978 03b5 10       		.byte	16
 979 03b6 0E       		.byte	14
 980 03b7 80       		.byte	-128
 981 03b8 10       		.byte	16
 982 03b9 09       		.byte	9
 983 03ba 13       		.byte	19
 984 03bb 06       		.byte	6
 985 03bc 19       		.byte	25
 986 03bd 10       		.byte	16
 987 03be 1A       		.byte	26
 988 03bf 45       		.byte	69
 989 03c0 1B       		.byte	27
 990 03c1 83       		.byte	-125
 991 03c2 1E       		.byte	30
 992 03c3 80       		.byte	-128
 993 03c4 1F       		.byte	31
 994 03c5 20       		.byte	32
 995 03c6 21       		.byte	33
 996 03c7 08       		.byte	8
 997 03c8 22       		.byte	34
 998 03c9 10       		.byte	16
 999 03ca 23       		.byte	35
 1000 03cb 10       		.byte	16
 1001 03cc 27       		.byte	39
 1002 03cd 28       		.byte	40
 1003 03ce 29       		.byte	41
 1004 03cf 12       		.byte	18
 1005 03d0 2B       		.byte	43
 1006 03d1 02       		.byte	2
 1007 03d2 2D       		.byte	45
 1008 03d3 20       		.byte	32
 1009 03d4 2E       		.byte	46
 1010 03d5 09       		.byte	9
 1011 03d6 31       		.byte	49
 1012 03d7 08       		.byte	8
 1013 03d8 32       		.byte	50
 1014 03d9 01       		.byte	1
 1015 03da 33       		.byte	51
 1016 03db 80       		.byte	-128
 1017 03dc 36       		.byte	54
 1018 03dd 06       		.byte	6
 1019 03de 38       		.byte	56
 1020 03df 28       		.byte	40
 1021 03e0 3A       		.byte	58
 1022 03e1 42       		.byte	66
 1023 03e2 3E       		.byte	62
 1024 03e3 04       		.byte	4
 1025 03e4 3F       		.byte	63
 1026 03e5 12       		.byte	18
ARM GAS  C:\Users\swaga\AppData\Local\Temp\ccVp4cyQ.s 			page 19


 1027 03e6 47       		.byte	71
 1028 03e7 20       		.byte	32
 1029 03e8 54       		.byte	84
 1030 03e9 10       		.byte	16
 1031 03ea 56       		.byte	86
 1032 03eb 08       		.byte	8
 1033 03ec 5B       		.byte	91
 1034 03ed 08       		.byte	8
 1035 03ee 68       		.byte	104
 1036 03ef 02       		.byte	2
 1037 03f0 69       		.byte	105
 1038 03f1 04       		.byte	4
 1039 03f2 6B       		.byte	107
 1040 03f3 04       		.byte	4
 1041 03f4 70       		.byte	112
 1042 03f5 1C       		.byte	28
 1043 03f6 72       		.byte	114
 1044 03f7 02       		.byte	2
 1045 03f8 73       		.byte	115
 1046 03f9 06       		.byte	6
 1047 03fa C0       		.byte	-64
 1048 03fb 8D       		.byte	-115
 1049 03fc C2       		.byte	-62
 1050 03fd 1F       		.byte	31
 1051 03fe C4       		.byte	-60
 1052 03ff 0F       		.byte	15
 1053 0400 CA       		.byte	-54
 1054 0401 ED       		.byte	-19
 1055 0402 CC       		.byte	-52
 1056 0403 CB       		.byte	-53
 1057 0404 CE       		.byte	-50
 1058 0405 EF       		.byte	-17
 1059 0406 D0       		.byte	-48
 1060 0407 20       		.byte	32
 1061 0408 D6       		.byte	-42
 1062 0409 02       		.byte	2
 1063 040a E0       		.byte	-32
 1064 040b 40       		.byte	64
 1065 040c EC       		.byte	-20
 1066 040d 20       		.byte	32
 1067 040e EC       		.byte	-20
 1068 040f 20       		.byte	32
 1069 0410 33       		.byte	51
 1070 0411 88       		.byte	-120
 1071 0412 36       		.byte	54
 1072 0413 04       		.byte	4
 1073 0414 37       		.byte	55
 1074 0415 20       		.byte	32
 1075 0416 3C       		.byte	60
 1076 0417 40       		.byte	64
 1077 0418 8C       		.byte	-116
 1078 0419 40       		.byte	64
 1079 041a CC       		.byte	-52
 1080 041b F0       		.byte	-16
 1081 041c CE       		.byte	-50
 1082 041d 20       		.byte	32
 1083 041e 11       		.byte	17
ARM GAS  C:\Users\swaga\AppData\Local\Temp\ccVp4cyQ.s 			page 20


 1084 041f 40       		.byte	64
 1085 0420 87       		.byte	-121
 1086 0421 08       		.byte	8
 1087 0422 94       		.byte	-108
 1088 0423 40       		.byte	64
 1089 0424 9F       		.byte	-97
 1090 0425 20       		.byte	32
 1091 0426 A7       		.byte	-89
 1092 0427 88       		.byte	-120
 1093 0428 AA       		.byte	-86
 1094 0429 04       		.byte	4
 1095 042a C4       		.byte	-60
 1096 042b 40       		.byte	64
 1097 042c E6       		.byte	-26
 1098 042d 40       		.byte	64
 1099 042e EE       		.byte	-18
 1100 042f 20       		.byte	32
 1101 0430 87       		.byte	-121
 1102 0431 20       		.byte	32
 1103 0432 94       		.byte	-108
 1104 0433 40       		.byte	64
 1105 0434 9F       		.byte	-97
 1106 0435 20       		.byte	32
 1107 0436 A9       		.byte	-87
 1108 0437 40       		.byte	64
 1109 0438 AB       		.byte	-85
 1110 0439 80       		.byte	-128
 1111 043a E2       		.byte	-30
 1112 043b 40       		.byte	64
 1113 043c 94       		.byte	-108
 1114 043d 40       		.byte	64
 1115 043e 33       		.byte	51
 1116 043f 80       		.byte	-128
 1117 0440 7E       		.byte	126
 1118 0441 08       		.byte	8
 1119 0442 8F       		.byte	-113
 1120 0443 80       		.byte	-128
 1121 0444 CC       		.byte	-52
 1122 0445 08       		.byte	8
 1123 0446 DE       		.byte	-34
 1124 0447 01       		.byte	1
 1125 0448 E0       		.byte	-32
 1126 0449 02       		.byte	2
 1127 044a 01       		.byte	1
 1128 044b 08       		.byte	8
 1129 044c 0B       		.byte	11
 1130 044d 10       		.byte	16
 1131 044e 58       		.byte	88
 1132 044f 40       		.byte	64
 1133 0450 B6       		.byte	-74
 1134 0451 08       		.byte	8
 1135 0452 C0       		.byte	-64
 1136 0453 08       		.byte	8
 1137 0454 C2       		.byte	-62
 1138 0455 08       		.byte	8
 1139 0456 D4       		.byte	-44
 1140 0457 01       		.byte	1
ARM GAS  C:\Users\swaga\AppData\Local\Temp\ccVp4cyQ.s 			page 21


 1141 0458 EC       		.byte	-20
 1142 0459 02       		.byte	2
 1143 045a 45       		.byte	69
 1144 045b 02       		.byte	2
 1145 045c 84       		.byte	-124
 1146 045d 40       		.byte	64
 1147 045e 9C       		.byte	-100
 1148 045f 40       		.byte	64
 1149 0460 AF       		.byte	-81
 1150 0461 10       		.byte	16
 1151 0462 B5       		.byte	-75
 1152 0463 08       		.byte	8
 1153 0464 D0       		.byte	-48
 1154 0465 01       		.byte	1
 1155 0466 EA       		.byte	-22
 1156 0467 02       		.byte	2
 1157 0468 A5       		.byte	-91
 1158 0469 02       		.byte	2
 1159 046a 24       		.byte	36
 1160 046b 40       		.byte	64
 1161 046c 25       		.byte	37
 1162 046d 40       		.byte	64
 1163 046e 94       		.byte	-108
 1164 046f 40       		.byte	64
 1165 0470 A5       		.byte	-91
 1166 0471 40       		.byte	64
 1167 0472 B1       		.byte	-79
 1168 0473 40       		.byte	64
 1169 0474 C8       		.byte	-56
 1170 0475 A0       		.byte	-96
 1171 0476 B1       		.byte	-79
 1172 0477 02       		.byte	2
 1173 0478 EC       		.byte	-20
 1174 0479 04       		.byte	4
 1175 047a 00       		.byte	0
 1176 047b 0A       		.byte	10
 1177 047c 0C       		.byte	12
 1178 047d 02       		.byte	2
 1179 047e 0E       		.byte	14
 1180 047f 0A       		.byte	10
 1181 0480 00       		.byte	0
 1182 0481 FF       		.byte	-1
 1183 0482 10       		.byte	16
 1184 0483 02       		.byte	2
 1185 0484 00       		.byte	0
 1186 0485 00       		.byte	0
 1187 0486 00       		.byte	0
 1188 0487 00       		.byte	0
 1189 0488 00       		.byte	0
 1190 0489 00       		.byte	0
 1191 048a 30       		.byte	48
 1192 048b 00       		.byte	0
 1193 048c 00       		.byte	0
 1194 048d 0B       		.byte	11
 1195 048e 0B       		.byte	11
 1196 048f 00       		.byte	0
 1197 0490 00       		.byte	0
ARM GAS  C:\Users\swaga\AppData\Local\Temp\ccVp4cyQ.s 			page 22


 1198 0491 00       		.byte	0
 1199 0492 00       		.byte	0
 1200 0493 00       		.byte	0
 1201 0494 12       		.byte	18
 1202 0495 00       		.byte	0
 1203 0496 01       		.byte	1
 1204 0497 F2       		.byte	-14
 1205 0498 E2       		.byte	-30
 1206 0499 00       		.byte	0
 1207 049a 02       		.byte	2
 1208 049b 00       		.byte	0
 1209 049c 00       		.byte	0
 1210 049d 00       		.byte	0
 1211 049e 00       		.byte	0
 1212 049f 00       		.byte	0
 1213 04a0 BB       		.byte	-69
 1214 04a1 00       		.byte	0
 1215 04a2 18       		.byte	24
 1216 04a3 01       		.byte	1
 1217 04a4 00       		.byte	0
 1218 04a5 0A       		.byte	10
 1219 04a6 00       		.byte	0
 1220 04a7 00       		.byte	0
 1221              		.section	.cywolatch,"a",%progbits
 1222              		.align	2
 1223              		.type	cy_meta_wonvl, %object
 1224              		.size	cy_meta_wonvl, 4
 1225              	cy_meta_wonvl:
 1226 0000 BC       		.byte	-68
 1227 0001 90       		.byte	-112
 1228 0002 AC       		.byte	-84
 1229 0003 AF       		.byte	-81
 1230              		.section	.cycustnvl,"a",%progbits
 1231              		.align	2
 1232              		.type	cy_meta_custnvl, %object
 1233              		.size	cy_meta_custnvl, 4
 1234              	cy_meta_custnvl:
 1235 0000 00       		.byte	0
 1236 0001 00       		.byte	0
 1237 0002 40       		.byte	64
 1238 0003 05       		.byte	5
 1239              		.section	.cymeta,"a",%progbits
 1240              		.align	2
 1241              		.type	cy_metadata, %object
 1242              		.size	cy_metadata, 12
 1243              	cy_metadata:
 1244 0000 00       		.byte	0
 1245 0001 01       		.byte	1
 1246 0002 2E       		.byte	46
 1247 0003 16       		.byte	22
 1248 0004 00       		.byte	0
 1249 0005 69       		.byte	105
 1250 0006 00       		.byte	0
 1251 0007 01       		.byte	1
 1252 0008 00       		.byte	0
 1253 0009 00       		.byte	0
 1254 000a 00       		.byte	0
ARM GAS  C:\Users\swaga\AppData\Local\Temp\ccVp4cyQ.s 			page 23


 1255 000b 00       		.byte	0
 1256              		.section	.cyflashprotect,"a",%progbits
 1257              		.align	2
 1258              		.type	cy_meta_flashprotect, %object
 1259              		.size	cy_meta_flashprotect, 256
 1260              	cy_meta_flashprotect:
 1261 0000 00000000 		.space	256
 1261      00000000 
 1261      00000000 
 1261      00000000 
 1261      00000000 
 1262              		.text
 1263              	.Letext0:
 1264              		.file 1 "c:\\program files (x86)\\cypress\\psoc creator\\4.2\\psoc creator\\import\\gnu\\arm\\5.4.
 1265              		.file 2 "c:\\program files (x86)\\cypress\\psoc creator\\4.2\\psoc creator\\import\\gnu\\arm\\5.4.
 1266              		.file 3 "Generated_Source\\PSoC5\\cymetadata.c"
 1267              		.section	.debug_info,"",%progbits
 1268              	.Ldebug_info0:
 1269 0000 32010000 		.4byte	0x132
 1270 0004 0400     		.2byte	0x4
 1271 0006 00000000 		.4byte	.Ldebug_abbrev0
 1272 000a 04       		.byte	0x4
 1273 000b 01       		.uleb128 0x1
 1274 000c 24000000 		.4byte	.LASF17
 1275 0010 0C       		.byte	0xc
 1276 0011 10020000 		.4byte	.LASF18
 1277 0015 3A010000 		.4byte	.LASF19
 1278 0019 00000000 		.4byte	.Ldebug_line0
 1279 001d 02       		.uleb128 0x2
 1280 001e 01       		.byte	0x1
 1281 001f 06       		.byte	0x6
 1282 0020 04020000 		.4byte	.LASF0
 1283 0024 03       		.uleb128 0x3
 1284 0025 00000000 		.4byte	.LASF9
 1285 0029 01       		.byte	0x1
 1286 002a 1D       		.byte	0x1d
 1287 002b 2F000000 		.4byte	0x2f
 1288 002f 02       		.uleb128 0x2
 1289 0030 01       		.byte	0x1
 1290 0031 08       		.byte	0x8
 1291 0032 16000000 		.4byte	.LASF1
 1292 0036 02       		.uleb128 0x2
 1293 0037 02       		.byte	0x2
 1294 0038 05       		.byte	0x5
 1295 0039 F1010000 		.4byte	.LASF2
 1296 003d 02       		.uleb128 0x2
 1297 003e 02       		.byte	0x2
 1298 003f 07       		.byte	0x7
 1299 0040 C4000000 		.4byte	.LASF3
 1300 0044 02       		.uleb128 0x2
 1301 0045 04       		.byte	0x4
 1302 0046 05       		.byte	0x5
 1303 0047 FB010000 		.4byte	.LASF4
 1304 004b 02       		.uleb128 0x2
 1305 004c 04       		.byte	0x4
 1306 004d 07       		.byte	0x7
 1307 004e B2000000 		.4byte	.LASF5
ARM GAS  C:\Users\swaga\AppData\Local\Temp\ccVp4cyQ.s 			page 24


 1308 0052 02       		.uleb128 0x2
 1309 0053 08       		.byte	0x8
 1310 0054 05       		.byte	0x5
 1311 0055 E3010000 		.4byte	.LASF6
 1312 0059 02       		.uleb128 0x2
 1313 005a 08       		.byte	0x8
 1314 005b 07       		.byte	0x7
 1315 005c 1B010000 		.4byte	.LASF7
 1316 0060 04       		.uleb128 0x4
 1317 0061 04       		.byte	0x4
 1318 0062 05       		.byte	0x5
 1319 0063 696E7400 		.ascii	"int\000"
 1320 0067 02       		.uleb128 0x2
 1321 0068 04       		.byte	0x4
 1322 0069 07       		.byte	0x7
 1323 006a 0E010000 		.4byte	.LASF8
 1324 006e 03       		.uleb128 0x3
 1325 006f 32010000 		.4byte	.LASF10
 1326 0073 02       		.byte	0x2
 1327 0074 18       		.byte	0x18
 1328 0075 24000000 		.4byte	0x24
 1329 0079 05       		.uleb128 0x5
 1330 007a 91000000 		.4byte	0x91
 1331 007e 8A000000 		.4byte	0x8a
 1332 0082 06       		.uleb128 0x6
 1333 0083 8A000000 		.4byte	0x8a
 1334 0087 A704     		.2byte	0x4a7
 1335 0089 00       		.byte	0
 1336 008a 02       		.uleb128 0x2
 1337 008b 04       		.byte	0x4
 1338 008c 07       		.byte	0x7
 1339 008d DA010000 		.4byte	.LASF11
 1340 0091 07       		.uleb128 0x7
 1341 0092 6E000000 		.4byte	0x6e
 1342 0096 08       		.uleb128 0x8
 1343 0097 E7000000 		.4byte	.LASF12
 1344 009b 03       		.byte	0x3
 1345 009c 1F       		.byte	0x1f
 1346 009d A7000000 		.4byte	0xa7
 1347 00a1 05       		.uleb128 0x5
 1348 00a2 03       		.byte	0x3
 1349 00a3 00000000 		.4byte	cy_meta_configecc
 1350 00a7 07       		.uleb128 0x7
 1351 00a8 79000000 		.4byte	0x79
 1352 00ac 05       		.uleb128 0x5
 1353 00ad 91000000 		.4byte	0x91
 1354 00b1 BC000000 		.4byte	0xbc
 1355 00b5 09       		.uleb128 0x9
 1356 00b6 8A000000 		.4byte	0x8a
 1357 00ba 03       		.byte	0x3
 1358 00bb 00       		.byte	0
 1359 00bc 08       		.uleb128 0x8
 1360 00bd D7000000 		.4byte	.LASF13
 1361 00c1 03       		.byte	0x3
 1362 00c2 C1       		.byte	0xc1
 1363 00c3 CD000000 		.4byte	0xcd
 1364 00c7 05       		.uleb128 0x5
ARM GAS  C:\Users\swaga\AppData\Local\Temp\ccVp4cyQ.s 			page 25


 1365 00c8 03       		.byte	0x3
 1366 00c9 00000000 		.4byte	cy_meta_custnvl
 1367 00cd 07       		.uleb128 0x7
 1368 00ce AC000000 		.4byte	0xac
 1369 00d2 08       		.uleb128 0x8
 1370 00d3 CC010000 		.4byte	.LASF14
 1371 00d7 03       		.byte	0x3
 1372 00d8 CF       		.byte	0xcf
 1373 00d9 E3000000 		.4byte	0xe3
 1374 00dd 05       		.uleb128 0x5
 1375 00de 03       		.byte	0x3
 1376 00df 00000000 		.4byte	cy_meta_wonvl
 1377 00e3 07       		.uleb128 0x7
 1378 00e4 AC000000 		.4byte	0xac
 1379 00e8 05       		.uleb128 0x5
 1380 00e9 91000000 		.4byte	0x91
 1381 00ed F8000000 		.4byte	0xf8
 1382 00f1 09       		.uleb128 0x9
 1383 00f2 8A000000 		.4byte	0x8a
 1384 00f6 FF       		.byte	0xff
 1385 00f7 00       		.byte	0
 1386 00f8 08       		.uleb128 0x8
 1387 00f9 F9000000 		.4byte	.LASF15
 1388 00fd 03       		.byte	0x3
 1389 00fe DD       		.byte	0xdd
 1390 00ff 09010000 		.4byte	0x109
 1391 0103 05       		.uleb128 0x5
 1392 0104 03       		.byte	0x3
 1393 0105 00000000 		.4byte	cy_meta_flashprotect
 1394 0109 07       		.uleb128 0x7
 1395 010a E8000000 		.4byte	0xe8
 1396 010e 05       		.uleb128 0x5
 1397 010f 91000000 		.4byte	0x91
 1398 0113 1E010000 		.4byte	0x11e
 1399 0117 09       		.uleb128 0x9
 1400 0118 8A000000 		.4byte	0x8a
 1401 011c 0B       		.byte	0xb
 1402 011d 00       		.byte	0
 1403 011e 0A       		.uleb128 0xa
 1404 011f 0A000000 		.4byte	.LASF16
 1405 0123 03       		.byte	0x3
 1406 0124 0A01     		.2byte	0x10a
 1407 0126 30010000 		.4byte	0x130
 1408 012a 05       		.uleb128 0x5
 1409 012b 03       		.byte	0x3
 1410 012c 00000000 		.4byte	cy_metadata
 1411 0130 07       		.uleb128 0x7
 1412 0131 0E010000 		.4byte	0x10e
 1413 0135 00       		.byte	0
 1414              		.section	.debug_abbrev,"",%progbits
 1415              	.Ldebug_abbrev0:
 1416 0000 01       		.uleb128 0x1
 1417 0001 11       		.uleb128 0x11
 1418 0002 01       		.byte	0x1
 1419 0003 25       		.uleb128 0x25
 1420 0004 0E       		.uleb128 0xe
 1421 0005 13       		.uleb128 0x13
ARM GAS  C:\Users\swaga\AppData\Local\Temp\ccVp4cyQ.s 			page 26


 1422 0006 0B       		.uleb128 0xb
 1423 0007 03       		.uleb128 0x3
 1424 0008 0E       		.uleb128 0xe
 1425 0009 1B       		.uleb128 0x1b
 1426 000a 0E       		.uleb128 0xe
 1427 000b 10       		.uleb128 0x10
 1428 000c 17       		.uleb128 0x17
 1429 000d 00       		.byte	0
 1430 000e 00       		.byte	0
 1431 000f 02       		.uleb128 0x2
 1432 0010 24       		.uleb128 0x24
 1433 0011 00       		.byte	0
 1434 0012 0B       		.uleb128 0xb
 1435 0013 0B       		.uleb128 0xb
 1436 0014 3E       		.uleb128 0x3e
 1437 0015 0B       		.uleb128 0xb
 1438 0016 03       		.uleb128 0x3
 1439 0017 0E       		.uleb128 0xe
 1440 0018 00       		.byte	0
 1441 0019 00       		.byte	0
 1442 001a 03       		.uleb128 0x3
 1443 001b 16       		.uleb128 0x16
 1444 001c 00       		.byte	0
 1445 001d 03       		.uleb128 0x3
 1446 001e 0E       		.uleb128 0xe
 1447 001f 3A       		.uleb128 0x3a
 1448 0020 0B       		.uleb128 0xb
 1449 0021 3B       		.uleb128 0x3b
 1450 0022 0B       		.uleb128 0xb
 1451 0023 49       		.uleb128 0x49
 1452 0024 13       		.uleb128 0x13
 1453 0025 00       		.byte	0
 1454 0026 00       		.byte	0
 1455 0027 04       		.uleb128 0x4
 1456 0028 24       		.uleb128 0x24
 1457 0029 00       		.byte	0
 1458 002a 0B       		.uleb128 0xb
 1459 002b 0B       		.uleb128 0xb
 1460 002c 3E       		.uleb128 0x3e
 1461 002d 0B       		.uleb128 0xb
 1462 002e 03       		.uleb128 0x3
 1463 002f 08       		.uleb128 0x8
 1464 0030 00       		.byte	0
 1465 0031 00       		.byte	0
 1466 0032 05       		.uleb128 0x5
 1467 0033 01       		.uleb128 0x1
 1468 0034 01       		.byte	0x1
 1469 0035 49       		.uleb128 0x49
 1470 0036 13       		.uleb128 0x13
 1471 0037 01       		.uleb128 0x1
 1472 0038 13       		.uleb128 0x13
 1473 0039 00       		.byte	0
 1474 003a 00       		.byte	0
 1475 003b 06       		.uleb128 0x6
 1476 003c 21       		.uleb128 0x21
 1477 003d 00       		.byte	0
 1478 003e 49       		.uleb128 0x49
ARM GAS  C:\Users\swaga\AppData\Local\Temp\ccVp4cyQ.s 			page 27


 1479 003f 13       		.uleb128 0x13
 1480 0040 2F       		.uleb128 0x2f
 1481 0041 05       		.uleb128 0x5
 1482 0042 00       		.byte	0
 1483 0043 00       		.byte	0
 1484 0044 07       		.uleb128 0x7
 1485 0045 26       		.uleb128 0x26
 1486 0046 00       		.byte	0
 1487 0047 49       		.uleb128 0x49
 1488 0048 13       		.uleb128 0x13
 1489 0049 00       		.byte	0
 1490 004a 00       		.byte	0
 1491 004b 08       		.uleb128 0x8
 1492 004c 34       		.uleb128 0x34
 1493 004d 00       		.byte	0
 1494 004e 03       		.uleb128 0x3
 1495 004f 0E       		.uleb128 0xe
 1496 0050 3A       		.uleb128 0x3a
 1497 0051 0B       		.uleb128 0xb
 1498 0052 3B       		.uleb128 0x3b
 1499 0053 0B       		.uleb128 0xb
 1500 0054 49       		.uleb128 0x49
 1501 0055 13       		.uleb128 0x13
 1502 0056 3F       		.uleb128 0x3f
 1503 0057 19       		.uleb128 0x19
 1504 0058 02       		.uleb128 0x2
 1505 0059 18       		.uleb128 0x18
 1506 005a 00       		.byte	0
 1507 005b 00       		.byte	0
 1508 005c 09       		.uleb128 0x9
 1509 005d 21       		.uleb128 0x21
 1510 005e 00       		.byte	0
 1511 005f 49       		.uleb128 0x49
 1512 0060 13       		.uleb128 0x13
 1513 0061 2F       		.uleb128 0x2f
 1514 0062 0B       		.uleb128 0xb
 1515 0063 00       		.byte	0
 1516 0064 00       		.byte	0
 1517 0065 0A       		.uleb128 0xa
 1518 0066 34       		.uleb128 0x34
 1519 0067 00       		.byte	0
 1520 0068 03       		.uleb128 0x3
 1521 0069 0E       		.uleb128 0xe
 1522 006a 3A       		.uleb128 0x3a
 1523 006b 0B       		.uleb128 0xb
 1524 006c 3B       		.uleb128 0x3b
 1525 006d 05       		.uleb128 0x5
 1526 006e 49       		.uleb128 0x49
 1527 006f 13       		.uleb128 0x13
 1528 0070 3F       		.uleb128 0x3f
 1529 0071 19       		.uleb128 0x19
 1530 0072 02       		.uleb128 0x2
 1531 0073 18       		.uleb128 0x18
 1532 0074 00       		.byte	0
 1533 0075 00       		.byte	0
 1534 0076 00       		.byte	0
 1535              		.section	.debug_aranges,"",%progbits
ARM GAS  C:\Users\swaga\AppData\Local\Temp\ccVp4cyQ.s 			page 28


 1536 0000 14000000 		.4byte	0x14
 1537 0004 0200     		.2byte	0x2
 1538 0006 00000000 		.4byte	.Ldebug_info0
 1539 000a 04       		.byte	0x4
 1540 000b 00       		.byte	0
 1541 000c 0000     		.2byte	0
 1542 000e 0000     		.2byte	0
 1543 0010 00000000 		.4byte	0
 1544 0014 00000000 		.4byte	0
 1545              		.section	.debug_line,"",%progbits
 1546              	.Ldebug_line0:
 1547 0000 3D010000 		.section	.debug_str,"MS",%progbits,1
 1547      02003701 
 1547      00000201 
 1547      FB0E0D00 
 1547      01010101 
 1548              	.LASF9:
 1549 0000 5F5F7569 		.ascii	"__uint8_t\000"
 1549      6E74385F 
 1549      7400
 1550              	.LASF16:
 1551 000a 63795F6D 		.ascii	"cy_metadata\000"
 1551      65746164 
 1551      61746100 
 1552              	.LASF1:
 1553 0016 756E7369 		.ascii	"unsigned char\000"
 1553      676E6564 
 1553      20636861 
 1553      7200
 1554              	.LASF17:
 1555 0024 474E5520 		.ascii	"GNU C11 5.4.1 20160609 (release) [ARM/embedded-5-br"
 1555      43313120 
 1555      352E342E 
 1555      31203230 
 1555      31363036 
 1556 0057 616E6368 		.ascii	"anch revision 237715] -mcpu=cortex-m3 -mthumb -g -O"
 1556      20726576 
 1556      6973696F 
 1556      6E203233 
 1556      37373135 
 1557 008a 67202D66 		.ascii	"g -ffunction-sections -ffat-lto-objects\000"
 1557      66756E63 
 1557      74696F6E 
 1557      2D736563 
 1557      74696F6E 
 1558              	.LASF5:
 1559 00b2 6C6F6E67 		.ascii	"long unsigned int\000"
 1559      20756E73 
 1559      69676E65 
 1559      6420696E 
 1559      7400
 1560              	.LASF3:
 1561 00c4 73686F72 		.ascii	"short unsigned int\000"
 1561      7420756E 
 1561      7369676E 
 1561      65642069 
 1561      6E7400
ARM GAS  C:\Users\swaga\AppData\Local\Temp\ccVp4cyQ.s 			page 29


 1562              	.LASF13:
 1563 00d7 63795F6D 		.ascii	"cy_meta_custnvl\000"
 1563      6574615F 
 1563      63757374 
 1563      6E766C00 
 1564              	.LASF12:
 1565 00e7 63795F6D 		.ascii	"cy_meta_configecc\000"
 1565      6574615F 
 1565      636F6E66 
 1565      69676563 
 1565      6300
 1566              	.LASF15:
 1567 00f9 63795F6D 		.ascii	"cy_meta_flashprotect\000"
 1567      6574615F 
 1567      666C6173 
 1567      6870726F 
 1567      74656374 
 1568              	.LASF8:
 1569 010e 756E7369 		.ascii	"unsigned int\000"
 1569      676E6564 
 1569      20696E74 
 1569      00
 1570              	.LASF7:
 1571 011b 6C6F6E67 		.ascii	"long long unsigned int\000"
 1571      206C6F6E 
 1571      6720756E 
 1571      7369676E 
 1571      65642069 
 1572              	.LASF10:
 1573 0132 75696E74 		.ascii	"uint8_t\000"
 1573      385F7400 
 1574              	.LASF19:
 1575 013a 443A5C68 		.ascii	"D:\\h_da\\Lecturs\\SS-20-Systytem Driven Hardware D"
 1575      5F64615C 
 1575      4C656374 
 1575      7572735C 
 1575      53532D32 
 1576 016a 65736967 		.ascii	"esign\\freeSoC2\\ADC_2_UART_DMA_Transfer\\Workspace"
 1576      6E5C6672 
 1576      6565536F 
 1576      43325C41 
 1576      44435F32 
 1577 019a 30315C30 		.ascii	"01\\01_DAC_ADC_DMA_UART_MATLAB_data_transfer.cydsn\000"
 1577      315F4441 
 1577      435F4144 
 1577      435F444D 
 1577      415F5541 
 1578              	.LASF14:
 1579 01cc 63795F6D 		.ascii	"cy_meta_wonvl\000"
 1579      6574615F 
 1579      776F6E76 
 1579      6C00
 1580              	.LASF11:
 1581 01da 73697A65 		.ascii	"sizetype\000"
 1581      74797065 
 1581      00
 1582              	.LASF6:
ARM GAS  C:\Users\swaga\AppData\Local\Temp\ccVp4cyQ.s 			page 30


 1583 01e3 6C6F6E67 		.ascii	"long long int\000"
 1583      206C6F6E 
 1583      6720696E 
 1583      7400
 1584              	.LASF2:
 1585 01f1 73686F72 		.ascii	"short int\000"
 1585      7420696E 
 1585      7400
 1586              	.LASF4:
 1587 01fb 6C6F6E67 		.ascii	"long int\000"
 1587      20696E74 
 1587      00
 1588              	.LASF0:
 1589 0204 7369676E 		.ascii	"signed char\000"
 1589      65642063 
 1589      68617200 
 1590              	.LASF18:
 1591 0210 47656E65 		.ascii	"Generated_Source\\PSoC5\\cymetadata.c\000"
 1591      72617465 
 1591      645F536F 
 1591      75726365 
 1591      5C50536F 
 1592              		.ident	"GCC: (GNU Tools for ARM Embedded Processors) 5.4.1 20160609 (release) [ARM/embedded-5-bran
