ARM GAS  C:\Users\swaga\AppData\Local\Temp\ccBhaj7J.s 			page 1


   1              		.syntax unified
   2              		.cpu cortex-m3
   3              		.fpu softvfp
   4              		.eabi_attribute 20, 1
   5              		.eabi_attribute 21, 1
   6              		.eabi_attribute 23, 3
   7              		.eabi_attribute 24, 1
   8              		.eabi_attribute 25, 1
   9              		.eabi_attribute 26, 1
  10              		.eabi_attribute 30, 1
  11              		.eabi_attribute 34, 1
  12              		.eabi_attribute 18, 4
  13              		.thumb
  14              		.syntax unified
  15              		.file	"main.c"
  16              		.text
  17              	.Ltext0:
  18              		.cfi_sections	.debug_frame
  19              		.section	.text.ISR_UART_Rx,"ax",%progbits
  20              		.align	2
  21              		.global	ISR_UART_Rx
  22              		.thumb
  23              		.thumb_func
  24              		.type	ISR_UART_Rx, %function
  25              	ISR_UART_Rx:
  26              	.LFB64:
  27              		.file 1 "main.c"
   1:main.c        **** #include "project.h"
   2:main.c        **** #include<stdio.h>
   3:main.c        **** # define vdda 5.0
   4:main.c        **** # define ADC_COUNT 65536  // 16 bit ADC
   5:main.c        **** # define TX_BUFF_SIZE 1024 // 1024 * (uint16) data to be transfered
   6:main.c        **** # define RX_BUFF_SIZE 1
   7:main.c        **** # define ADC_BUFF_SIZE 1024 
   8:main.c        **** /* Defines for DMA_ADC */
   9:main.c        **** #define DMA_ADC_BYTES_PER_BURST 2   //no of bytes to transfer per request
  10:main.c        **** #define DMA_ADC_REQUEST_PER_BURST 1 // request per burst 1- auto  0- manual
  11:main.c        **** #define DMA_ADC_SRC_BASE (CYDEV_PERIPH_BASE)  // source address
  12:main.c        **** #define DMA_ADC_DST_BASE (CYDEV_SRAM_BASE)    // destination address
  13:main.c        **** 
  14:main.c        **** //char rx_buffer[RX_BUFF_SIZE];          
  15:main.c        **** uint8_t rx_buffer_flag = 0;
  16:main.c        **** uint8_t dma_xfer_done_flag = 0;
  17:main.c        **** uint16 tx_buffer[TX_BUFF_SIZE];
  18:main.c        **** uint16 ADC_buffer[ADC_BUFF_SIZE];//DMA destination
  19:main.c        **** 
  20:main.c        **** 
  21:main.c        **** 
  22:main.c        **** /* Variable declarations for DMA_ADC */
  23:main.c        **** /* Move these variable declarations to the top of the function */
  24:main.c        **** uint8 DMA_ADC_Chan;
  25:main.c        **** uint8 DMA_ADC_TD[1];
  26:main.c        **** 
  27:main.c        **** 
  28:main.c        **** // Interrupt function to be activcated ever time a Byte is received
  29:main.c        **** void ISR_UART_Rx(void){
  28              		.loc 1 29 0
ARM GAS  C:\Users\swaga\AppData\Local\Temp\ccBhaj7J.s 			page 2


  29              		.cfi_startproc
  30              		@ args = 0, pretend = 0, frame = 0
  31              		@ frame_needed = 0, uses_anonymous_args = 0
  32              		@ link register save eliminated.
  30:main.c        ****     //rx_buffer = UART_GetByte();
  31:main.c        ****     rx_buffer_flag = 1;
  33              		.loc 1 31 0
  34 0000 0122     		movs	r2, #1
  35 0002 014B     		ldr	r3, .L2
  36 0004 1A70     		strb	r2, [r3]
  37 0006 7047     		bx	lr
  38              	.L3:
  39              		.align	2
  40              	.L2:
  41 0008 00000000 		.word	.LANCHOR0
  42              		.cfi_endproc
  43              	.LFE64:
  44              		.size	ISR_UART_Rx, .-ISR_UART_Rx
  45              		.section	.text.ISR_DMA_XFER_DONE,"ax",%progbits
  46              		.align	2
  47              		.global	ISR_DMA_XFER_DONE
  48              		.thumb
  49              		.thumb_func
  50              		.type	ISR_DMA_XFER_DONE, %function
  51              	ISR_DMA_XFER_DONE:
  52              	.LFB65:
  32:main.c        ****     
  33:main.c        ****     }
  34:main.c        **** // Interrupt function to be activcated when DMA transfer is complete
  35:main.c        **** void ISR_DMA_XFER_DONE(void){
  53              		.loc 1 35 0
  54              		.cfi_startproc
  55              		@ args = 0, pretend = 0, frame = 0
  56              		@ frame_needed = 0, uses_anonymous_args = 0
  57              		@ link register save eliminated.
  36:main.c        ****     dma_xfer_done_flag = 1;
  58              		.loc 1 36 0
  59 0000 0122     		movs	r2, #1
  60 0002 014B     		ldr	r3, .L5
  61 0004 5A70     		strb	r2, [r3, #1]
  62 0006 7047     		bx	lr
  63              	.L6:
  64              		.align	2
  65              	.L5:
  66 0008 00000000 		.word	.LANCHOR0
  67              		.cfi_endproc
  68              	.LFE65:
  69              		.size	ISR_DMA_XFER_DONE, .-ISR_DMA_XFER_DONE
  70              		.section	.text.main,"ax",%progbits
  71              		.align	2
  72              		.global	main
  73              		.thumb
  74              		.thumb_func
  75              		.type	main, %function
  76              	main:
  77              	.LFB66:
  37:main.c        **** };
ARM GAS  C:\Users\swaga\AppData\Local\Temp\ccBhaj7J.s 			page 3


  38:main.c        **** int main(void)
  39:main.c        **** {
  78              		.loc 1 39 0
  79              		.cfi_startproc
  80              		@ args = 0, pretend = 0, frame = 0
  81              		@ frame_needed = 0, uses_anonymous_args = 0
  82 0000 38B5     		push	{r3, r4, r5, lr}
  83              		.cfi_def_cfa_offset 16
  84              		.cfi_offset 3, -16
  85              		.cfi_offset 4, -12
  86              		.cfi_offset 5, -8
  87              		.cfi_offset 14, -4
  40:main.c        ****     CyGlobalIntEnable; /* Enable global interrupts. */
  88              		.loc 1 40 0
  89              		.syntax unified
  90              	@ 40 "main.c" 1
  91 0002 62B6     		CPSIE   i
  92              	@ 0 "" 2
  41:main.c        ****     UART_Start();
  93              		.loc 1 41 0
  94              		.thumb
  95              		.syntax unified
  96 0004 FFF7FEFF 		bl	UART_Start
  97              	.LVL0:
  42:main.c        ****     WaveDAC_Start();
  98              		.loc 1 42 0
  99 0008 FFF7FEFF 		bl	WaveDAC_Start
 100              	.LVL1:
  43:main.c        ****     ADC_Start();
 101              		.loc 1 43 0
 102 000c FFF7FEFF 		bl	ADC_Start
 103              	.LVL2:
  44:main.c        ****     ADC_StartConvert();
 104              		.loc 1 44 0
 105 0010 FFF7FEFF 		bl	ADC_StartConvert
 106              	.LVL3:
  45:main.c        ****     uint16 adc_result;
  46:main.c        ****     float adc_to_vg;
  47:main.c        ****     uint8 adc_to_tx_buf_flag = 0;
  48:main.c        ****     
  49:main.c        ****     // Interrupt function to be activcated ever time a Byte is received
  50:main.c        ****     ISR_UART_Rx_StartEx(ISR_UART_Rx);
 107              		.loc 1 50 0
 108 0014 2F48     		ldr	r0, .L15
 109 0016 FFF7FEFF 		bl	ISR_UART_Rx_StartEx
 110              	.LVL4:
  51:main.c        ****     ISR_DMA_XFER_DONE_StartEx(ISR_DMA_XFER_DONE);
 111              		.loc 1 51 0
 112 001a 2F48     		ldr	r0, .L15+4
 113 001c FFF7FEFF 		bl	ISR_DMA_XFER_DONE_StartEx
 114              	.LVL5:
  52:main.c        ****     
  53:main.c        ****     /* DMA Configuration for DMA_ADC */
  54:main.c        ****     DMA_ADC_Chan = DMA_ADC_DmaInitialize(DMA_ADC_BYTES_PER_BURST, 
 115              		.loc 1 54 0
 116 0020 41F6FF73 		movw	r3, #8191
 117 0024 4FF48042 		mov	r2, #16384
ARM GAS  C:\Users\swaga\AppData\Local\Temp\ccBhaj7J.s 			page 4


 118 0028 0121     		movs	r1, #1
 119 002a 0220     		movs	r0, #2
 120 002c FFF7FEFF 		bl	DMA_ADC_DmaInitialize
 121              	.LVL6:
 122 0030 2A4C     		ldr	r4, .L15+8
 123 0032 2070     		strb	r0, [r4]
  55:main.c        ****                                          DMA_ADC_REQUEST_PER_BURST, 
  56:main.c        ****                                          HI16(DMA_ADC_SRC_BASE),  // upper source address
  57:main.c        ****                                          HI16(DMA_ADC_DST_BASE)   //upper destination address
  58:main.c        ****     );
  59:main.c        ****     DMA_ADC_TD[0] = CyDmaTdAllocate();
 124              		.loc 1 59 0
 125 0034 FFF7FEFF 		bl	CyDmaTdAllocate
 126              	.LVL7:
 127 0038 294D     		ldr	r5, .L15+12
 128 003a 2870     		strb	r0, [r5]
  60:main.c        ****     CyDmaTdSetConfiguration(DMA_ADC_TD[0],          // current transport descriptor 
 129              		.loc 1 60 0
 130 003c 0623     		movs	r3, #6
 131 003e FE22     		movs	r2, #254
 132 0040 4FF40061 		mov	r1, #2048
 133 0044 FFF7FEFF 		bl	CyDmaTdSetConfiguration
 134              	.LVL8:
  61:main.c        ****                                       2048,          // total no of bytes
  62:main.c        ****                             CY_DMA_DISABLE_TD,      // terminates channel after TD finishes 
  63:main.c        ****                             DMA_ADC__TD_TERMOUT_EN  // DMA complition event pulse eneble
  64:main.c        ****                             | CY_DMA_TD_INC_DST_ADR // increament destination address after each bu
  65:main.c        ****     ); 
  66:main.c        ****     CyDmaTdSetAddress(DMA_ADC_TD[0],
 135              		.loc 1 66 0
 136 0048 264A     		ldr	r2, .L15+16
 137 004a 92B2     		uxth	r2, r2
 138 004c 44F61061 		movw	r1, #19984
 139 0050 2878     		ldrb	r0, [r5]	@ zero_extendqisi2
 140 0052 FFF7FEFF 		bl	CyDmaTdSetAddress
 141              	.LVL9:
  67:main.c        ****                       LO16((uint32)ADC_DEC_SAMP_PTR), // lower source address
  68:main.c        ****                       LO16((uint32)ADC_buffer)        // lower destination address
  69:main.c        ****     );
  70:main.c        ****     CyDmaChSetInitialTd(DMA_ADC_Chan, // DMA module handler
 142              		.loc 1 70 0
 143 0056 2978     		ldrb	r1, [r5]	@ zero_extendqisi2
 144 0058 2078     		ldrb	r0, [r4]	@ zero_extendqisi2
 145 005a FFF7FEFF 		bl	CyDmaChSetInitialTd
 146              	.LVL10:
  71:main.c        ****                         DMA_ADC_TD[0] // current transport descriptor 
  72:main.c        ****     );
  73:main.c        ****     /*Enables the DMA*/
  74:main.c        ****     CyDmaChEnable(DMA_ADC_Chan,      // DMA module handler
 147              		.loc 1 74 0
 148 005e 0121     		movs	r1, #1
 149 0060 2078     		ldrb	r0, [r4]	@ zero_extendqisi2
 150 0062 FFF7FEFF 		bl	CyDmaChEnable
 151              	.LVL11:
  47:main.c        ****     
 152              		.loc 1 47 0
 153 0066 0024     		movs	r4, #0
ARM GAS  C:\Users\swaga\AppData\Local\Temp\ccBhaj7J.s 			page 5


 154              	.LVL12:
 155              	.L12:
  75:main.c        ****                              1       // restore TD config after the end of the TD
  76:main.c        ****     );
  77:main.c        ****     
  78:main.c        ****     
  79:main.c        ****     for(;;)
  80:main.c        ****        { 
  81:main.c        ****         /* transmit the data only when requested from outside 
  82:main.c        ****         (i.e. rx_buffer_flag is high) and data loaded to tx buffer 
  83:main.c        ****         (i.e adc_to_tx_buf_flag is high) */
  84:main.c        ****         
  85:main.c        ****         if((rx_buffer_flag ==1)&& (adc_to_tx_buf_flag ==1)){
 156              		.loc 1 85 0
 157 0068 1F4B     		ldr	r3, .L15+20
 158 006a 1B78     		ldrb	r3, [r3]	@ zero_extendqisi2
 159 006c 012B     		cmp	r3, #1
 160 006e 0DD1     		bne	.L8
 161              		.loc 1 85 0 is_stmt 0 discriminator 1
 162 0070 64B1     		cbz	r4, .L8
  86:main.c        ****   
  87:main.c        ****                 UART_PutArray(tx_buffer,TX_BUFF_SIZE * sizeof(uint16_t));//<-----------------------
 163              		.loc 1 87 0 is_stmt 1
 164 0072 4FF40061 		mov	r1, #2048
 165 0076 1D48     		ldr	r0, .L15+24
 166 0078 FFF7FEFF 		bl	UART_PutArray
 167              	.LVL13:
  88:main.c        ****                 adc_to_tx_buf_flag = 0;
  89:main.c        ****                 rx_buffer_flag = 0;
 168              		.loc 1 89 0
 169 007c 0024     		movs	r4, #0
 170 007e 1A4B     		ldr	r3, .L15+20
 171 0080 1C70     		strb	r4, [r3]
  90:main.c        ****                 /*Enables the DMA*/
  91:main.c        ****                   CyDmaChEnable(DMA_ADC_Chan, // DMA module handler
 172              		.loc 1 91 0
 173 0082 0121     		movs	r1, #1
 174 0084 154B     		ldr	r3, .L15+8
 175 0086 1878     		ldrb	r0, [r3]	@ zero_extendqisi2
 176 0088 FFF7FEFF 		bl	CyDmaChEnable
 177              	.LVL14:
 178              	.L8:
  92:main.c        ****                   1             // restore TD config after the end of the TD
  93:main.c        ****                   );
  94:main.c        ****             }
  95:main.c        ****         
  96:main.c        ****        
  97:main.c        ****         /* load ADC readings to tx buffer when requested from 
  98:main.c        ****         outside (i.e. rx_buffer_flag is high) and DMA transfer
  99:main.c        ****         is complete*/
 100:main.c        ****        
 101:main.c        ****         if ((rx_buffer_flag ==1) && (dma_xfer_done_flag == 1)){
 179              		.loc 1 101 0
 180 008c 164B     		ldr	r3, .L15+20
 181 008e 1B78     		ldrb	r3, [r3]	@ zero_extendqisi2
 182 0090 012B     		cmp	r3, #1
 183 0092 14D1     		bne	.L9
ARM GAS  C:\Users\swaga\AppData\Local\Temp\ccBhaj7J.s 			page 6


 184              		.loc 1 101 0 is_stmt 0 discriminator 1
 185 0094 144B     		ldr	r3, .L15+20
 186 0096 5B78     		ldrb	r3, [r3, #1]	@ zero_extendqisi2
 187 0098 012B     		cmp	r3, #1
 188 009a 10D1     		bne	.L9
 189 009c 07E0     		b	.L13
 190              	.LVL15:
 191              	.L11:
 192              	.LBB2:
 102:main.c        ****            for (int i =0; i<ADC_BUFF_SIZE ; i++){
 103:main.c        ****               tx_buffer[i] = ADC_buffer[i]; 
 193              		.loc 1 103 0 is_stmt 1 discriminator 3
 194 009e 114A     		ldr	r2, .L15+16
 195 00a0 32F81310 		ldrh	r1, [r2, r3, lsl #1]
 196 00a4 114A     		ldr	r2, .L15+24
 197 00a6 22F81310 		strh	r1, [r2, r3, lsl #1]	@ movhi
 102:main.c        ****            for (int i =0; i<ADC_BUFF_SIZE ; i++){
 198              		.loc 1 102 0 discriminator 3
 199 00aa 0133     		adds	r3, r3, #1
 200              	.LVL16:
 201 00ac 00E0     		b	.L10
 202              	.LVL17:
 203              	.L13:
 204              	.LBE2:
 205 00ae 0023     		movs	r3, #0
 206              	.L10:
 207              	.LVL18:
 208              	.LBB3:
 102:main.c        ****            for (int i =0; i<ADC_BUFF_SIZE ; i++){
 209              		.loc 1 102 0 is_stmt 0 discriminator 1
 210 00b0 B3F5806F 		cmp	r3, #1024
 211 00b4 F3DB     		blt	.L11
 212              	.LVL19:
 213              	.LBE3:
 104:main.c        ****            }
 105:main.c        ****            adc_to_tx_buf_flag = 1;
 106:main.c        ****            dma_xfer_done_flag =0;
 214              		.loc 1 106 0 is_stmt 1
 215 00b6 0022     		movs	r2, #0
 216 00b8 0B4B     		ldr	r3, .L15+20
 217              	.LVL20:
 218 00ba 5A70     		strb	r2, [r3, #1]
 105:main.c        ****            dma_xfer_done_flag =0;
 219              		.loc 1 105 0
 220 00bc 0124     		movs	r4, #1
 221              	.LVL21:
 222              	.L9:
 107:main.c        ****         }
 108:main.c        ****       
 109:main.c        ****         // default operation ( read ADC data and light the appropriate LED)
 110:main.c        ****         ADC_StartConvert();
 223              		.loc 1 110 0
 224 00be FFF7FEFF 		bl	ADC_StartConvert
 225              	.LVL22:
 111:main.c        ****         ADC_IsEndConversion(ADC_WAIT_FOR_RESULT);
 226              		.loc 1 111 0
 227 00c2 0020     		movs	r0, #0
ARM GAS  C:\Users\swaga\AppData\Local\Temp\ccBhaj7J.s 			page 7


 228 00c4 FFF7FEFF 		bl	ADC_IsEndConversion
 229              	.LVL23:
 112:main.c        ****         adc_result = ADC_GetResult32();
 230              		.loc 1 112 0
 231 00c8 FFF7FEFF 		bl	ADC_GetResult32
 232              	.LVL24:
 113:main.c        ****         adc_to_vg = (vdda/ADC_COUNT) * adc_result ;
 114:main.c        ****     
 115:main.c        ****         CyDelay(1);
 233              		.loc 1 115 0
 234 00cc 0120     		movs	r0, #1
 235 00ce FFF7FEFF 		bl	CyDelay
 236              	.LVL25:
 116:main.c        ****        }
 237              		.loc 1 116 0
 238 00d2 C9E7     		b	.L12
 239              	.L16:
 240              		.align	2
 241              	.L15:
 242 00d4 00000000 		.word	ISR_UART_Rx
 243 00d8 00000000 		.word	ISR_DMA_XFER_DONE
 244 00dc 00000000 		.word	DMA_ADC_Chan
 245 00e0 00000000 		.word	DMA_ADC_TD
 246 00e4 00000000 		.word	ADC_buffer
 247 00e8 00000000 		.word	.LANCHOR0
 248 00ec 00000000 		.word	tx_buffer
 249              		.cfi_endproc
 250              	.LFE66:
 251              		.size	main, .-main
 252              		.comm	DMA_ADC_TD,1,4
 253              		.comm	DMA_ADC_Chan,1,1
 254              		.comm	ADC_buffer,2048,4
 255              		.comm	tx_buffer,2048,4
 256              		.global	dma_xfer_done_flag
 257              		.global	rx_buffer_flag
 258              		.bss
 259              		.set	.LANCHOR0,. + 0
 260              		.type	rx_buffer_flag, %object
 261              		.size	rx_buffer_flag, 1
 262              	rx_buffer_flag:
 263 0000 00       		.space	1
 264              		.type	dma_xfer_done_flag, %object
 265              		.size	dma_xfer_done_flag, 1
 266              	dma_xfer_done_flag:
 267 0001 00       		.space	1
 268              		.text
 269              	.Letext0:
 270              		.file 2 "c:\\program files (x86)\\cypress\\psoc creator\\4.2\\psoc creator\\import\\gnu\\arm\\5.4.
 271              		.file 3 "c:\\program files (x86)\\cypress\\psoc creator\\4.2\\psoc creator\\import\\gnu\\arm\\5.4.
 272              		.file 4 "Generated_Source\\PSoC5/cytypes.h"
 273              		.file 5 "Generated_Source\\PSoC5/core_cm3.h"
 274              		.file 6 "Generated_Source\\PSoC5/UART.h"
 275              		.file 7 "Generated_Source\\PSoC5/WaveDAC.h"
 276              		.file 8 "Generated_Source\\PSoC5/ADC.h"
 277              		.file 9 "Generated_Source\\PSoC5/ISR_UART_Rx.h"
 278              		.file 10 "Generated_Source\\PSoC5/ISR_DMA_XFER_DONE.h"
 279              		.file 11 "Generated_Source\\PSoC5/DMA_ADC_dma.h"
ARM GAS  C:\Users\swaga\AppData\Local\Temp\ccBhaj7J.s 			page 8


 280              		.file 12 "Generated_Source\\PSoC5/CYDMAC.H"
 281              		.file 13 "Generated_Source\\PSoC5/CyLib.h"
 282              		.section	.debug_info,"",%progbits
 283              	.Ldebug_info0:
 284 0000 EC030000 		.4byte	0x3ec
 285 0004 0400     		.2byte	0x4
 286 0006 00000000 		.4byte	.Ldebug_abbrev0
 287 000a 04       		.byte	0x4
 288 000b 01       		.uleb128 0x1
 289 000c AA000000 		.4byte	.LASF50
 290 0010 0C       		.byte	0xc
 291 0011 9A020000 		.4byte	.LASF51
 292 0015 32030000 		.4byte	.LASF52
 293 0019 18000000 		.4byte	.Ldebug_ranges0+0x18
 294 001d 00000000 		.4byte	0
 295 0021 00000000 		.4byte	.Ldebug_line0
 296 0025 02       		.uleb128 0x2
 297 0026 01       		.byte	0x1
 298 0027 06       		.byte	0x6
 299 0028 0C030000 		.4byte	.LASF0
 300 002c 03       		.uleb128 0x3
 301 002d 16000000 		.4byte	.LASF4
 302 0031 02       		.byte	0x2
 303 0032 1D       		.byte	0x1d
 304 0033 37000000 		.4byte	0x37
 305 0037 02       		.uleb128 0x2
 306 0038 01       		.byte	0x1
 307 0039 08       		.byte	0x8
 308 003a 9C000000 		.4byte	.LASF1
 309 003e 02       		.uleb128 0x2
 310 003f 02       		.byte	0x2
 311 0040 05       		.byte	0x5
 312 0041 D5020000 		.4byte	.LASF2
 313 0045 02       		.uleb128 0x2
 314 0046 02       		.byte	0x2
 315 0047 07       		.byte	0x7
 316 0048 7A010000 		.4byte	.LASF3
 317 004c 03       		.uleb128 0x3
 318 004d 2C000000 		.4byte	.LASF5
 319 0051 02       		.byte	0x2
 320 0052 3F       		.byte	0x3f
 321 0053 57000000 		.4byte	0x57
 322 0057 02       		.uleb128 0x2
 323 0058 04       		.byte	0x4
 324 0059 05       		.byte	0x5
 325 005a F7020000 		.4byte	.LASF6
 326 005e 02       		.uleb128 0x2
 327 005f 04       		.byte	0x4
 328 0060 07       		.byte	0x7
 329 0061 C3010000 		.4byte	.LASF7
 330 0065 02       		.uleb128 0x2
 331 0066 08       		.byte	0x8
 332 0067 05       		.byte	0x5
 333 0068 8C020000 		.4byte	.LASF8
 334 006c 02       		.uleb128 0x2
 335 006d 08       		.byte	0x8
 336 006e 07       		.byte	0x7
ARM GAS  C:\Users\swaga\AppData\Local\Temp\ccBhaj7J.s 			page 9


 337 006f 52020000 		.4byte	.LASF9
 338 0073 04       		.uleb128 0x4
 339 0074 04       		.byte	0x4
 340 0075 05       		.byte	0x5
 341 0076 696E7400 		.ascii	"int\000"
 342 007a 02       		.uleb128 0x2
 343 007b 04       		.byte	0x4
 344 007c 07       		.byte	0x7
 345 007d 37020000 		.4byte	.LASF10
 346 0081 03       		.uleb128 0x3
 347 0082 69020000 		.4byte	.LASF11
 348 0086 03       		.byte	0x3
 349 0087 18       		.byte	0x18
 350 0088 2C000000 		.4byte	0x2c
 351 008c 03       		.uleb128 0x3
 352 008d 7B020000 		.4byte	.LASF12
 353 0091 03       		.byte	0x3
 354 0092 2C       		.byte	0x2c
 355 0093 4C000000 		.4byte	0x4c
 356 0097 05       		.uleb128 0x5
 357 0098 DF020000 		.4byte	.LASF13
 358 009c 04       		.byte	0x4
 359 009d E401     		.2byte	0x1e4
 360 009f 37000000 		.4byte	0x37
 361 00a3 05       		.uleb128 0x5
 362 00a4 D5010000 		.4byte	.LASF14
 363 00a8 04       		.byte	0x4
 364 00a9 E501     		.2byte	0x1e5
 365 00ab 45000000 		.4byte	0x45
 366 00af 05       		.uleb128 0x5
 367 00b0 30020000 		.4byte	.LASF15
 368 00b4 04       		.byte	0x4
 369 00b5 E601     		.2byte	0x1e6
 370 00b7 5E000000 		.4byte	0x5e
 371 00bb 02       		.uleb128 0x2
 372 00bc 04       		.byte	0x4
 373 00bd 04       		.byte	0x4
 374 00be 8B000000 		.4byte	.LASF16
 375 00c2 02       		.uleb128 0x2
 376 00c3 08       		.byte	0x8
 377 00c4 04       		.byte	0x4
 378 00c5 18030000 		.4byte	.LASF17
 379 00c9 02       		.uleb128 0x2
 380 00ca 01       		.byte	0x1
 381 00cb 08       		.byte	0x8
 382 00cc A1020000 		.4byte	.LASF18
 383 00d0 05       		.uleb128 0x5
 384 00d1 49010000 		.4byte	.LASF19
 385 00d5 04       		.byte	0x4
 386 00d6 8E02     		.2byte	0x28e
 387 00d8 DC000000 		.4byte	0xdc
 388 00dc 06       		.uleb128 0x6
 389 00dd 97000000 		.4byte	0x97
 390 00e1 02       		.uleb128 0x2
 391 00e2 08       		.byte	0x8
 392 00e3 04       		.byte	0x4
 393 00e4 00030000 		.4byte	.LASF20
ARM GAS  C:\Users\swaga\AppData\Local\Temp\ccBhaj7J.s 			page 10


 394 00e8 02       		.uleb128 0x2
 395 00e9 04       		.byte	0x4
 396 00ea 07       		.byte	0x7
 397 00eb 83020000 		.4byte	.LASF21
 398 00ef 07       		.uleb128 0x7
 399 00f0 20000000 		.4byte	.LASF22
 400 00f4 01       		.byte	0x1
 401 00f5 1D       		.byte	0x1d
 402 00f6 00000000 		.4byte	.LFB64
 403 00fa 0C000000 		.4byte	.LFE64-.LFB64
 404 00fe 01       		.uleb128 0x1
 405 00ff 9C       		.byte	0x9c
 406 0100 07       		.uleb128 0x7
 407 0101 E5020000 		.4byte	.LASF23
 408 0105 01       		.byte	0x1
 409 0106 23       		.byte	0x23
 410 0107 00000000 		.4byte	.LFB65
 411 010b 0C000000 		.4byte	.LFE65-.LFB65
 412 010f 01       		.uleb128 0x1
 413 0110 9C       		.byte	0x9c
 414 0111 08       		.uleb128 0x8
 415 0112 EF010000 		.4byte	.LASF53
 416 0116 01       		.byte	0x1
 417 0117 26       		.byte	0x26
 418 0118 73000000 		.4byte	0x73
 419 011c 00000000 		.4byte	.LFB66
 420 0120 F0000000 		.4byte	.LFE66-.LFB66
 421 0124 01       		.uleb128 0x1
 422 0125 9C       		.byte	0x9c
 423 0126 A7020000 		.4byte	0x2a7
 424 012a 09       		.uleb128 0x9
 425 012b 27030000 		.4byte	.LASF24
 426 012f 01       		.byte	0x1
 427 0130 2D       		.byte	0x2d
 428 0131 A3000000 		.4byte	0xa3
 429 0135 09       		.uleb128 0x9
 430 0136 48000000 		.4byte	.LASF25
 431 013a 01       		.byte	0x1
 432 013b 2E       		.byte	0x2e
 433 013c BB000000 		.4byte	0xbb
 434 0140 0A       		.uleb128 0xa
 435 0141 1D020000 		.4byte	.LASF26
 436 0145 01       		.byte	0x1
 437 0146 2F       		.byte	0x2f
 438 0147 97000000 		.4byte	0x97
 439 014b 00000000 		.4byte	.LLST0
 440 014f 0B       		.uleb128 0xb
 441 0150 00000000 		.4byte	.Ldebug_ranges0+0
 442 0154 66010000 		.4byte	0x166
 443 0158 0C       		.uleb128 0xc
 444 0159 6900     		.ascii	"i\000"
 445 015b 01       		.byte	0x1
 446 015c 66       		.byte	0x66
 447 015d 73000000 		.4byte	0x73
 448 0161 4D000000 		.4byte	.LLST1
 449 0165 00       		.byte	0
 450 0166 0D       		.uleb128 0xd
ARM GAS  C:\Users\swaga\AppData\Local\Temp\ccBhaj7J.s 			page 11


 451 0167 08000000 		.4byte	.LVL0
 452 016b 3F030000 		.4byte	0x33f
 453 016f 0D       		.uleb128 0xd
 454 0170 0C000000 		.4byte	.LVL1
 455 0174 4A030000 		.4byte	0x34a
 456 0178 0D       		.uleb128 0xd
 457 0179 10000000 		.4byte	.LVL2
 458 017d 55030000 		.4byte	0x355
 459 0181 0D       		.uleb128 0xd
 460 0182 14000000 		.4byte	.LVL3
 461 0186 60030000 		.4byte	0x360
 462 018a 0E       		.uleb128 0xe
 463 018b 1A000000 		.4byte	.LVL4
 464 018f 6B030000 		.4byte	0x36b
 465 0193 A1010000 		.4byte	0x1a1
 466 0197 0F       		.uleb128 0xf
 467 0198 01       		.uleb128 0x1
 468 0199 50       		.byte	0x50
 469 019a 05       		.uleb128 0x5
 470 019b 03       		.byte	0x3
 471 019c 00000000 		.4byte	ISR_UART_Rx
 472 01a0 00       		.byte	0
 473 01a1 0E       		.uleb128 0xe
 474 01a2 20000000 		.4byte	.LVL5
 475 01a6 76030000 		.4byte	0x376
 476 01aa B8010000 		.4byte	0x1b8
 477 01ae 0F       		.uleb128 0xf
 478 01af 01       		.uleb128 0x1
 479 01b0 50       		.byte	0x50
 480 01b1 05       		.uleb128 0x5
 481 01b2 03       		.byte	0x3
 482 01b3 00000000 		.4byte	ISR_DMA_XFER_DONE
 483 01b7 00       		.byte	0
 484 01b8 0E       		.uleb128 0xe
 485 01b9 30000000 		.4byte	.LVL6
 486 01bd 81030000 		.4byte	0x381
 487 01c1 DE010000 		.4byte	0x1de
 488 01c5 0F       		.uleb128 0xf
 489 01c6 01       		.uleb128 0x1
 490 01c7 50       		.byte	0x50
 491 01c8 01       		.uleb128 0x1
 492 01c9 32       		.byte	0x32
 493 01ca 0F       		.uleb128 0xf
 494 01cb 01       		.uleb128 0x1
 495 01cc 51       		.byte	0x51
 496 01cd 01       		.uleb128 0x1
 497 01ce 31       		.byte	0x31
 498 01cf 0F       		.uleb128 0xf
 499 01d0 01       		.uleb128 0x1
 500 01d1 52       		.byte	0x52
 501 01d2 03       		.uleb128 0x3
 502 01d3 0A       		.byte	0xa
 503 01d4 0040     		.2byte	0x4000
 504 01d6 0F       		.uleb128 0xf
 505 01d7 01       		.uleb128 0x1
 506 01d8 53       		.byte	0x53
 507 01d9 03       		.uleb128 0x3
ARM GAS  C:\Users\swaga\AppData\Local\Temp\ccBhaj7J.s 			page 12


 508 01da 0A       		.byte	0xa
 509 01db FF1F     		.2byte	0x1fff
 510 01dd 00       		.byte	0
 511 01de 0D       		.uleb128 0xd
 512 01df 38000000 		.4byte	.LVL7
 513 01e3 8C030000 		.4byte	0x38c
 514 01e7 0E       		.uleb128 0xe
 515 01e8 48000000 		.4byte	.LVL8
 516 01ec 97030000 		.4byte	0x397
 517 01f0 07020000 		.4byte	0x207
 518 01f4 0F       		.uleb128 0xf
 519 01f5 01       		.uleb128 0x1
 520 01f6 51       		.byte	0x51
 521 01f7 03       		.uleb128 0x3
 522 01f8 0A       		.byte	0xa
 523 01f9 0008     		.2byte	0x800
 524 01fb 0F       		.uleb128 0xf
 525 01fc 01       		.uleb128 0x1
 526 01fd 52       		.byte	0x52
 527 01fe 02       		.uleb128 0x2
 528 01ff 09       		.byte	0x9
 529 0200 FE       		.byte	0xfe
 530 0201 0F       		.uleb128 0xf
 531 0202 01       		.uleb128 0x1
 532 0203 53       		.byte	0x53
 533 0204 01       		.uleb128 0x1
 534 0205 36       		.byte	0x36
 535 0206 00       		.byte	0
 536 0207 0E       		.uleb128 0xe
 537 0208 56000000 		.4byte	.LVL9
 538 020c A2030000 		.4byte	0x3a2
 539 0210 25020000 		.4byte	0x225
 540 0214 0F       		.uleb128 0xf
 541 0215 01       		.uleb128 0x1
 542 0216 51       		.byte	0x51
 543 0217 03       		.uleb128 0x3
 544 0218 0A       		.byte	0xa
 545 0219 104E     		.2byte	0x4e10
 546 021b 0F       		.uleb128 0xf
 547 021c 01       		.uleb128 0x1
 548 021d 52       		.byte	0x52
 549 021e 05       		.uleb128 0x5
 550 021f 03       		.byte	0x3
 551 0220 00000000 		.4byte	ADC_buffer
 552 0224 00       		.byte	0
 553 0225 0D       		.uleb128 0xd
 554 0226 5E000000 		.4byte	.LVL10
 555 022a AD030000 		.4byte	0x3ad
 556 022e 0E       		.uleb128 0xe
 557 022f 66000000 		.4byte	.LVL11
 558 0233 B8030000 		.4byte	0x3b8
 559 0237 41020000 		.4byte	0x241
 560 023b 0F       		.uleb128 0xf
 561 023c 01       		.uleb128 0x1
 562 023d 51       		.byte	0x51
 563 023e 01       		.uleb128 0x1
 564 023f 31       		.byte	0x31
ARM GAS  C:\Users\swaga\AppData\Local\Temp\ccBhaj7J.s 			page 13


 565 0240 00       		.byte	0
 566 0241 0E       		.uleb128 0xe
 567 0242 7C000000 		.4byte	.LVL13
 568 0246 C3030000 		.4byte	0x3c3
 569 024a 5F020000 		.4byte	0x25f
 570 024e 0F       		.uleb128 0xf
 571 024f 01       		.uleb128 0x1
 572 0250 50       		.byte	0x50
 573 0251 05       		.uleb128 0x5
 574 0252 03       		.byte	0x3
 575 0253 00000000 		.4byte	tx_buffer
 576 0257 0F       		.uleb128 0xf
 577 0258 01       		.uleb128 0x1
 578 0259 51       		.byte	0x51
 579 025a 03       		.uleb128 0x3
 580 025b 0A       		.byte	0xa
 581 025c 0008     		.2byte	0x800
 582 025e 00       		.byte	0
 583 025f 0E       		.uleb128 0xe
 584 0260 8C000000 		.4byte	.LVL14
 585 0264 B8030000 		.4byte	0x3b8
 586 0268 72020000 		.4byte	0x272
 587 026c 0F       		.uleb128 0xf
 588 026d 01       		.uleb128 0x1
 589 026e 51       		.byte	0x51
 590 026f 01       		.uleb128 0x1
 591 0270 31       		.byte	0x31
 592 0271 00       		.byte	0
 593 0272 0D       		.uleb128 0xd
 594 0273 C2000000 		.4byte	.LVL22
 595 0277 60030000 		.4byte	0x360
 596 027b 0E       		.uleb128 0xe
 597 027c C8000000 		.4byte	.LVL23
 598 0280 CE030000 		.4byte	0x3ce
 599 0284 8E020000 		.4byte	0x28e
 600 0288 0F       		.uleb128 0xf
 601 0289 01       		.uleb128 0x1
 602 028a 50       		.byte	0x50
 603 028b 01       		.uleb128 0x1
 604 028c 30       		.byte	0x30
 605 028d 00       		.byte	0
 606 028e 0D       		.uleb128 0xd
 607 028f CC000000 		.4byte	.LVL24
 608 0293 D9030000 		.4byte	0x3d9
 609 0297 10       		.uleb128 0x10
 610 0298 D2000000 		.4byte	.LVL25
 611 029c E4030000 		.4byte	0x3e4
 612 02a0 0F       		.uleb128 0xf
 613 02a1 01       		.uleb128 0x1
 614 02a2 50       		.byte	0x50
 615 02a3 01       		.uleb128 0x1
 616 02a4 31       		.byte	0x31
 617 02a5 00       		.byte	0
 618 02a6 00       		.byte	0
 619 02a7 11       		.uleb128 0x11
 620 02a8 A6010000 		.4byte	.LASF27
 621 02ac 05       		.byte	0x5
ARM GAS  C:\Users\swaga\AppData\Local\Temp\ccBhaj7J.s 			page 14


 622 02ad 1207     		.2byte	0x712
 623 02af B3020000 		.4byte	0x2b3
 624 02b3 06       		.uleb128 0x6
 625 02b4 8C000000 		.4byte	0x8c
 626 02b8 12       		.uleb128 0x12
 627 02b9 0E020000 		.4byte	.LASF28
 628 02bd 01       		.byte	0x1
 629 02be 0F       		.byte	0xf
 630 02bf 81000000 		.4byte	0x81
 631 02c3 05       		.uleb128 0x5
 632 02c4 03       		.byte	0x3
 633 02c5 00000000 		.4byte	rx_buffer_flag
 634 02c9 12       		.uleb128 0x12
 635 02ca DC010000 		.4byte	.LASF29
 636 02ce 01       		.byte	0x1
 637 02cf 10       		.byte	0x10
 638 02d0 81000000 		.4byte	0x81
 639 02d4 05       		.uleb128 0x5
 640 02d5 03       		.byte	0x3
 641 02d6 00000000 		.4byte	dma_xfer_done_flag
 642 02da 13       		.uleb128 0x13
 643 02db A3000000 		.4byte	0xa3
 644 02df EB020000 		.4byte	0x2eb
 645 02e3 14       		.uleb128 0x14
 646 02e4 E8000000 		.4byte	0xe8
 647 02e8 FF03     		.2byte	0x3ff
 648 02ea 00       		.byte	0
 649 02eb 12       		.uleb128 0x12
 650 02ec 66000000 		.4byte	.LASF30
 651 02f0 01       		.byte	0x1
 652 02f1 11       		.byte	0x11
 653 02f2 DA020000 		.4byte	0x2da
 654 02f6 05       		.uleb128 0x5
 655 02f7 03       		.byte	0x3
 656 02f8 00000000 		.4byte	tx_buffer
 657 02fc 12       		.uleb128 0x12
 658 02fd 91000000 		.4byte	.LASF31
 659 0301 01       		.byte	0x1
 660 0302 12       		.byte	0x12
 661 0303 DA020000 		.4byte	0x2da
 662 0307 05       		.uleb128 0x5
 663 0308 03       		.byte	0x3
 664 0309 00000000 		.4byte	ADC_buffer
 665 030d 12       		.uleb128 0x12
 666 030e A6020000 		.4byte	.LASF32
 667 0312 01       		.byte	0x1
 668 0313 18       		.byte	0x18
 669 0314 97000000 		.4byte	0x97
 670 0318 05       		.uleb128 0x5
 671 0319 03       		.byte	0x3
 672 031a 00000000 		.4byte	DMA_ADC_Chan
 673 031e 13       		.uleb128 0x13
 674 031f 97000000 		.4byte	0x97
 675 0323 2E030000 		.4byte	0x32e
 676 0327 15       		.uleb128 0x15
 677 0328 E8000000 		.4byte	0xe8
 678 032c 00       		.byte	0
ARM GAS  C:\Users\swaga\AppData\Local\Temp\ccBhaj7J.s 			page 15


 679 032d 00       		.byte	0
 680 032e 12       		.uleb128 0x12
 681 032f 70000000 		.4byte	.LASF33
 682 0333 01       		.byte	0x1
 683 0334 19       		.byte	0x19
 684 0335 1E030000 		.4byte	0x31e
 685 0339 05       		.uleb128 0x5
 686 033a 03       		.byte	0x3
 687 033b 00000000 		.4byte	DMA_ADC_TD
 688 033f 16       		.uleb128 0x16
 689 0340 8D010000 		.4byte	.LASF34
 690 0344 8D010000 		.4byte	.LASF34
 691 0348 06       		.byte	0x6
 692 0349 54       		.byte	0x54
 693 034a 16       		.uleb128 0x16
 694 034b C7020000 		.4byte	.LASF35
 695 034f C7020000 		.4byte	.LASF35
 696 0353 07       		.byte	0x7
 697 0354 67       		.byte	0x67
 698 0355 16       		.uleb128 0x16
 699 0356 71020000 		.4byte	.LASF36
 700 035a 71020000 		.4byte	.LASF36
 701 035e 08       		.byte	0x8
 702 035f 3A       		.byte	0x3a
 703 0360 16       		.uleb128 0x16
 704 0361 38010000 		.4byte	.LASF37
 705 0365 38010000 		.4byte	.LASF37
 706 0369 08       		.byte	0x8
 707 036a 3D       		.byte	0x3d
 708 036b 16       		.uleb128 0x16
 709 036c B3020000 		.4byte	.LASF38
 710 0370 B3020000 		.4byte	.LASF38
 711 0374 09       		.byte	0x9
 712 0375 18       		.byte	0x18
 713 0376 16       		.uleb128 0x16
 714 0377 F4010000 		.4byte	.LASF39
 715 037b F4010000 		.4byte	.LASF39
 716 037f 0A       		.byte	0xa
 717 0380 18       		.byte	0x18
 718 0381 16       		.uleb128 0x16
 719 0382 00000000 		.4byte	.LASF40
 720 0386 00000000 		.4byte	.LASF40
 721 038a 0B       		.byte	0xb
 722 038b 1E       		.byte	0x1e
 723 038c 16       		.uleb128 0x16
 724 038d 7B000000 		.4byte	.LASF41
 725 0391 7B000000 		.4byte	.LASF41
 726 0395 0C       		.byte	0xc
 727 0396 38       		.byte	0x38
 728 0397 16       		.uleb128 0x16
 729 0398 4E010000 		.4byte	.LASF42
 730 039c 4E010000 		.4byte	.LASF42
 731 03a0 0C       		.byte	0xc
 732 03a1 3B       		.byte	0x3b
 733 03a2 16       		.uleb128 0x16
 734 03a3 36000000 		.4byte	.LASF43
 735 03a7 36000000 		.4byte	.LASF43
ARM GAS  C:\Users\swaga\AppData\Local\Temp\ccBhaj7J.s 			page 16


 736 03ab 0C       		.byte	0xc
 737 03ac 3F       		.byte	0x3f
 738 03ad 16       		.uleb128 0x16
 739 03ae 52000000 		.4byte	.LASF44
 740 03b2 52000000 		.4byte	.LASF44
 741 03b6 0C       		.byte	0xc
 742 03b7 2F       		.byte	0x2f
 743 03b8 16       		.uleb128 0x16
 744 03b9 44020000 		.4byte	.LASF45
 745 03bd 44020000 		.4byte	.LASF45
 746 03c1 0C       		.byte	0xc
 747 03c2 29       		.byte	0x29
 748 03c3 16       		.uleb128 0x16
 749 03c4 98010000 		.4byte	.LASF46
 750 03c8 98010000 		.4byte	.LASF46
 751 03cc 06       		.byte	0x6
 752 03cd 8C       		.byte	0x8c
 753 03ce 16       		.uleb128 0x16
 754 03cf 66010000 		.4byte	.LASF47
 755 03d3 66010000 		.4byte	.LASF47
 756 03d7 08       		.byte	0x8
 757 03d8 3F       		.byte	0x3f
 758 03d9 16       		.uleb128 0x16
 759 03da B3010000 		.4byte	.LASF48
 760 03de B3010000 		.4byte	.LASF48
 761 03e2 08       		.byte	0x8
 762 03e3 42       		.byte	0x42
 763 03e4 16       		.uleb128 0x16
 764 03e5 1F030000 		.4byte	.LASF49
 765 03e9 1F030000 		.4byte	.LASF49
 766 03ed 0D       		.byte	0xd
 767 03ee 76       		.byte	0x76
 768 03ef 00       		.byte	0
 769              		.section	.debug_abbrev,"",%progbits
 770              	.Ldebug_abbrev0:
 771 0000 01       		.uleb128 0x1
 772 0001 11       		.uleb128 0x11
 773 0002 01       		.byte	0x1
 774 0003 25       		.uleb128 0x25
 775 0004 0E       		.uleb128 0xe
 776 0005 13       		.uleb128 0x13
 777 0006 0B       		.uleb128 0xb
 778 0007 03       		.uleb128 0x3
 779 0008 0E       		.uleb128 0xe
 780 0009 1B       		.uleb128 0x1b
 781 000a 0E       		.uleb128 0xe
 782 000b 55       		.uleb128 0x55
 783 000c 17       		.uleb128 0x17
 784 000d 11       		.uleb128 0x11
 785 000e 01       		.uleb128 0x1
 786 000f 10       		.uleb128 0x10
 787 0010 17       		.uleb128 0x17
 788 0011 00       		.byte	0
 789 0012 00       		.byte	0
 790 0013 02       		.uleb128 0x2
 791 0014 24       		.uleb128 0x24
 792 0015 00       		.byte	0
ARM GAS  C:\Users\swaga\AppData\Local\Temp\ccBhaj7J.s 			page 17


 793 0016 0B       		.uleb128 0xb
 794 0017 0B       		.uleb128 0xb
 795 0018 3E       		.uleb128 0x3e
 796 0019 0B       		.uleb128 0xb
 797 001a 03       		.uleb128 0x3
 798 001b 0E       		.uleb128 0xe
 799 001c 00       		.byte	0
 800 001d 00       		.byte	0
 801 001e 03       		.uleb128 0x3
 802 001f 16       		.uleb128 0x16
 803 0020 00       		.byte	0
 804 0021 03       		.uleb128 0x3
 805 0022 0E       		.uleb128 0xe
 806 0023 3A       		.uleb128 0x3a
 807 0024 0B       		.uleb128 0xb
 808 0025 3B       		.uleb128 0x3b
 809 0026 0B       		.uleb128 0xb
 810 0027 49       		.uleb128 0x49
 811 0028 13       		.uleb128 0x13
 812 0029 00       		.byte	0
 813 002a 00       		.byte	0
 814 002b 04       		.uleb128 0x4
 815 002c 24       		.uleb128 0x24
 816 002d 00       		.byte	0
 817 002e 0B       		.uleb128 0xb
 818 002f 0B       		.uleb128 0xb
 819 0030 3E       		.uleb128 0x3e
 820 0031 0B       		.uleb128 0xb
 821 0032 03       		.uleb128 0x3
 822 0033 08       		.uleb128 0x8
 823 0034 00       		.byte	0
 824 0035 00       		.byte	0
 825 0036 05       		.uleb128 0x5
 826 0037 16       		.uleb128 0x16
 827 0038 00       		.byte	0
 828 0039 03       		.uleb128 0x3
 829 003a 0E       		.uleb128 0xe
 830 003b 3A       		.uleb128 0x3a
 831 003c 0B       		.uleb128 0xb
 832 003d 3B       		.uleb128 0x3b
 833 003e 05       		.uleb128 0x5
 834 003f 49       		.uleb128 0x49
 835 0040 13       		.uleb128 0x13
 836 0041 00       		.byte	0
 837 0042 00       		.byte	0
 838 0043 06       		.uleb128 0x6
 839 0044 35       		.uleb128 0x35
 840 0045 00       		.byte	0
 841 0046 49       		.uleb128 0x49
 842 0047 13       		.uleb128 0x13
 843 0048 00       		.byte	0
 844 0049 00       		.byte	0
 845 004a 07       		.uleb128 0x7
 846 004b 2E       		.uleb128 0x2e
 847 004c 00       		.byte	0
 848 004d 3F       		.uleb128 0x3f
 849 004e 19       		.uleb128 0x19
ARM GAS  C:\Users\swaga\AppData\Local\Temp\ccBhaj7J.s 			page 18


 850 004f 03       		.uleb128 0x3
 851 0050 0E       		.uleb128 0xe
 852 0051 3A       		.uleb128 0x3a
 853 0052 0B       		.uleb128 0xb
 854 0053 3B       		.uleb128 0x3b
 855 0054 0B       		.uleb128 0xb
 856 0055 27       		.uleb128 0x27
 857 0056 19       		.uleb128 0x19
 858 0057 11       		.uleb128 0x11
 859 0058 01       		.uleb128 0x1
 860 0059 12       		.uleb128 0x12
 861 005a 06       		.uleb128 0x6
 862 005b 40       		.uleb128 0x40
 863 005c 18       		.uleb128 0x18
 864 005d 9742     		.uleb128 0x2117
 865 005f 19       		.uleb128 0x19
 866 0060 00       		.byte	0
 867 0061 00       		.byte	0
 868 0062 08       		.uleb128 0x8
 869 0063 2E       		.uleb128 0x2e
 870 0064 01       		.byte	0x1
 871 0065 3F       		.uleb128 0x3f
 872 0066 19       		.uleb128 0x19
 873 0067 03       		.uleb128 0x3
 874 0068 0E       		.uleb128 0xe
 875 0069 3A       		.uleb128 0x3a
 876 006a 0B       		.uleb128 0xb
 877 006b 3B       		.uleb128 0x3b
 878 006c 0B       		.uleb128 0xb
 879 006d 27       		.uleb128 0x27
 880 006e 19       		.uleb128 0x19
 881 006f 49       		.uleb128 0x49
 882 0070 13       		.uleb128 0x13
 883 0071 8701     		.uleb128 0x87
 884 0073 19       		.uleb128 0x19
 885 0074 11       		.uleb128 0x11
 886 0075 01       		.uleb128 0x1
 887 0076 12       		.uleb128 0x12
 888 0077 06       		.uleb128 0x6
 889 0078 40       		.uleb128 0x40
 890 0079 18       		.uleb128 0x18
 891 007a 9742     		.uleb128 0x2117
 892 007c 19       		.uleb128 0x19
 893 007d 01       		.uleb128 0x1
 894 007e 13       		.uleb128 0x13
 895 007f 00       		.byte	0
 896 0080 00       		.byte	0
 897 0081 09       		.uleb128 0x9
 898 0082 34       		.uleb128 0x34
 899 0083 00       		.byte	0
 900 0084 03       		.uleb128 0x3
 901 0085 0E       		.uleb128 0xe
 902 0086 3A       		.uleb128 0x3a
 903 0087 0B       		.uleb128 0xb
 904 0088 3B       		.uleb128 0x3b
 905 0089 0B       		.uleb128 0xb
 906 008a 49       		.uleb128 0x49
ARM GAS  C:\Users\swaga\AppData\Local\Temp\ccBhaj7J.s 			page 19


 907 008b 13       		.uleb128 0x13
 908 008c 00       		.byte	0
 909 008d 00       		.byte	0
 910 008e 0A       		.uleb128 0xa
 911 008f 34       		.uleb128 0x34
 912 0090 00       		.byte	0
 913 0091 03       		.uleb128 0x3
 914 0092 0E       		.uleb128 0xe
 915 0093 3A       		.uleb128 0x3a
 916 0094 0B       		.uleb128 0xb
 917 0095 3B       		.uleb128 0x3b
 918 0096 0B       		.uleb128 0xb
 919 0097 49       		.uleb128 0x49
 920 0098 13       		.uleb128 0x13
 921 0099 02       		.uleb128 0x2
 922 009a 17       		.uleb128 0x17
 923 009b 00       		.byte	0
 924 009c 00       		.byte	0
 925 009d 0B       		.uleb128 0xb
 926 009e 0B       		.uleb128 0xb
 927 009f 01       		.byte	0x1
 928 00a0 55       		.uleb128 0x55
 929 00a1 17       		.uleb128 0x17
 930 00a2 01       		.uleb128 0x1
 931 00a3 13       		.uleb128 0x13
 932 00a4 00       		.byte	0
 933 00a5 00       		.byte	0
 934 00a6 0C       		.uleb128 0xc
 935 00a7 34       		.uleb128 0x34
 936 00a8 00       		.byte	0
 937 00a9 03       		.uleb128 0x3
 938 00aa 08       		.uleb128 0x8
 939 00ab 3A       		.uleb128 0x3a
 940 00ac 0B       		.uleb128 0xb
 941 00ad 3B       		.uleb128 0x3b
 942 00ae 0B       		.uleb128 0xb
 943 00af 49       		.uleb128 0x49
 944 00b0 13       		.uleb128 0x13
 945 00b1 02       		.uleb128 0x2
 946 00b2 17       		.uleb128 0x17
 947 00b3 00       		.byte	0
 948 00b4 00       		.byte	0
 949 00b5 0D       		.uleb128 0xd
 950 00b6 898201   		.uleb128 0x4109
 951 00b9 00       		.byte	0
 952 00ba 11       		.uleb128 0x11
 953 00bb 01       		.uleb128 0x1
 954 00bc 31       		.uleb128 0x31
 955 00bd 13       		.uleb128 0x13
 956 00be 00       		.byte	0
 957 00bf 00       		.byte	0
 958 00c0 0E       		.uleb128 0xe
 959 00c1 898201   		.uleb128 0x4109
 960 00c4 01       		.byte	0x1
 961 00c5 11       		.uleb128 0x11
 962 00c6 01       		.uleb128 0x1
 963 00c7 31       		.uleb128 0x31
ARM GAS  C:\Users\swaga\AppData\Local\Temp\ccBhaj7J.s 			page 20


 964 00c8 13       		.uleb128 0x13
 965 00c9 01       		.uleb128 0x1
 966 00ca 13       		.uleb128 0x13
 967 00cb 00       		.byte	0
 968 00cc 00       		.byte	0
 969 00cd 0F       		.uleb128 0xf
 970 00ce 8A8201   		.uleb128 0x410a
 971 00d1 00       		.byte	0
 972 00d2 02       		.uleb128 0x2
 973 00d3 18       		.uleb128 0x18
 974 00d4 9142     		.uleb128 0x2111
 975 00d6 18       		.uleb128 0x18
 976 00d7 00       		.byte	0
 977 00d8 00       		.byte	0
 978 00d9 10       		.uleb128 0x10
 979 00da 898201   		.uleb128 0x4109
 980 00dd 01       		.byte	0x1
 981 00de 11       		.uleb128 0x11
 982 00df 01       		.uleb128 0x1
 983 00e0 31       		.uleb128 0x31
 984 00e1 13       		.uleb128 0x13
 985 00e2 00       		.byte	0
 986 00e3 00       		.byte	0
 987 00e4 11       		.uleb128 0x11
 988 00e5 34       		.uleb128 0x34
 989 00e6 00       		.byte	0
 990 00e7 03       		.uleb128 0x3
 991 00e8 0E       		.uleb128 0xe
 992 00e9 3A       		.uleb128 0x3a
 993 00ea 0B       		.uleb128 0xb
 994 00eb 3B       		.uleb128 0x3b
 995 00ec 05       		.uleb128 0x5
 996 00ed 49       		.uleb128 0x49
 997 00ee 13       		.uleb128 0x13
 998 00ef 3F       		.uleb128 0x3f
 999 00f0 19       		.uleb128 0x19
 1000 00f1 3C       		.uleb128 0x3c
 1001 00f2 19       		.uleb128 0x19
 1002 00f3 00       		.byte	0
 1003 00f4 00       		.byte	0
 1004 00f5 12       		.uleb128 0x12
 1005 00f6 34       		.uleb128 0x34
 1006 00f7 00       		.byte	0
 1007 00f8 03       		.uleb128 0x3
 1008 00f9 0E       		.uleb128 0xe
 1009 00fa 3A       		.uleb128 0x3a
 1010 00fb 0B       		.uleb128 0xb
 1011 00fc 3B       		.uleb128 0x3b
 1012 00fd 0B       		.uleb128 0xb
 1013 00fe 49       		.uleb128 0x49
 1014 00ff 13       		.uleb128 0x13
 1015 0100 3F       		.uleb128 0x3f
 1016 0101 19       		.uleb128 0x19
 1017 0102 02       		.uleb128 0x2
 1018 0103 18       		.uleb128 0x18
 1019 0104 00       		.byte	0
 1020 0105 00       		.byte	0
ARM GAS  C:\Users\swaga\AppData\Local\Temp\ccBhaj7J.s 			page 21


 1021 0106 13       		.uleb128 0x13
 1022 0107 01       		.uleb128 0x1
 1023 0108 01       		.byte	0x1
 1024 0109 49       		.uleb128 0x49
 1025 010a 13       		.uleb128 0x13
 1026 010b 01       		.uleb128 0x1
 1027 010c 13       		.uleb128 0x13
 1028 010d 00       		.byte	0
 1029 010e 00       		.byte	0
 1030 010f 14       		.uleb128 0x14
 1031 0110 21       		.uleb128 0x21
 1032 0111 00       		.byte	0
 1033 0112 49       		.uleb128 0x49
 1034 0113 13       		.uleb128 0x13
 1035 0114 2F       		.uleb128 0x2f
 1036 0115 05       		.uleb128 0x5
 1037 0116 00       		.byte	0
 1038 0117 00       		.byte	0
 1039 0118 15       		.uleb128 0x15
 1040 0119 21       		.uleb128 0x21
 1041 011a 00       		.byte	0
 1042 011b 49       		.uleb128 0x49
 1043 011c 13       		.uleb128 0x13
 1044 011d 2F       		.uleb128 0x2f
 1045 011e 0B       		.uleb128 0xb
 1046 011f 00       		.byte	0
 1047 0120 00       		.byte	0
 1048 0121 16       		.uleb128 0x16
 1049 0122 2E       		.uleb128 0x2e
 1050 0123 00       		.byte	0
 1051 0124 3F       		.uleb128 0x3f
 1052 0125 19       		.uleb128 0x19
 1053 0126 3C       		.uleb128 0x3c
 1054 0127 19       		.uleb128 0x19
 1055 0128 6E       		.uleb128 0x6e
 1056 0129 0E       		.uleb128 0xe
 1057 012a 03       		.uleb128 0x3
 1058 012b 0E       		.uleb128 0xe
 1059 012c 3A       		.uleb128 0x3a
 1060 012d 0B       		.uleb128 0xb
 1061 012e 3B       		.uleb128 0x3b
 1062 012f 0B       		.uleb128 0xb
 1063 0130 00       		.byte	0
 1064 0131 00       		.byte	0
 1065 0132 00       		.byte	0
 1066              		.section	.debug_loc,"",%progbits
 1067              	.Ldebug_loc0:
 1068              	.LLST0:
 1069 0000 14000000 		.4byte	.LVL3
 1070 0004 68000000 		.4byte	.LVL12
 1071 0008 0200     		.2byte	0x2
 1072 000a 30       		.byte	0x30
 1073 000b 9F       		.byte	0x9f
 1074 000c 68000000 		.4byte	.LVL12
 1075 0010 7C000000 		.4byte	.LVL13
 1076 0014 0100     		.2byte	0x1
 1077 0016 54       		.byte	0x54
ARM GAS  C:\Users\swaga\AppData\Local\Temp\ccBhaj7J.s 			page 22


 1078 0017 7C000000 		.4byte	.LVL13
 1079 001b 8C000000 		.4byte	.LVL14
 1080 001f 0200     		.2byte	0x2
 1081 0021 30       		.byte	0x30
 1082 0022 9F       		.byte	0x9f
 1083 0023 8C000000 		.4byte	.LVL14
 1084 0027 B6000000 		.4byte	.LVL19
 1085 002b 0100     		.2byte	0x1
 1086 002d 54       		.byte	0x54
 1087 002e B6000000 		.4byte	.LVL19
 1088 0032 BE000000 		.4byte	.LVL21
 1089 0036 0200     		.2byte	0x2
 1090 0038 31       		.byte	0x31
 1091 0039 9F       		.byte	0x9f
 1092 003a BE000000 		.4byte	.LVL21
 1093 003e F0000000 		.4byte	.LFE66
 1094 0042 0100     		.2byte	0x1
 1095 0044 54       		.byte	0x54
 1096 0045 00000000 		.4byte	0
 1097 0049 00000000 		.4byte	0
 1098              	.LLST1:
 1099 004d 9E000000 		.4byte	.LVL15
 1100 0051 AE000000 		.4byte	.LVL17
 1101 0055 0100     		.2byte	0x1
 1102 0057 53       		.byte	0x53
 1103 0058 B0000000 		.4byte	.LVL18
 1104 005c BA000000 		.4byte	.LVL20
 1105 0060 0100     		.2byte	0x1
 1106 0062 53       		.byte	0x53
 1107 0063 00000000 		.4byte	0
 1108 0067 00000000 		.4byte	0
 1109              		.section	.debug_aranges,"",%progbits
 1110 0000 2C000000 		.4byte	0x2c
 1111 0004 0200     		.2byte	0x2
 1112 0006 00000000 		.4byte	.Ldebug_info0
 1113 000a 04       		.byte	0x4
 1114 000b 00       		.byte	0
 1115 000c 0000     		.2byte	0
 1116 000e 0000     		.2byte	0
 1117 0010 00000000 		.4byte	.LFB64
 1118 0014 0C000000 		.4byte	.LFE64-.LFB64
 1119 0018 00000000 		.4byte	.LFB65
 1120 001c 0C000000 		.4byte	.LFE65-.LFB65
 1121 0020 00000000 		.4byte	.LFB66
 1122 0024 F0000000 		.4byte	.LFE66-.LFB66
 1123 0028 00000000 		.4byte	0
 1124 002c 00000000 		.4byte	0
 1125              		.section	.debug_ranges,"",%progbits
 1126              	.Ldebug_ranges0:
 1127 0000 9E000000 		.4byte	.LBB2
 1128 0004 AE000000 		.4byte	.LBE2
 1129 0008 B0000000 		.4byte	.LBB3
 1130 000c B6000000 		.4byte	.LBE3
 1131 0010 00000000 		.4byte	0
 1132 0014 00000000 		.4byte	0
 1133 0018 00000000 		.4byte	.LFB64
 1134 001c 0C000000 		.4byte	.LFE64
ARM GAS  C:\Users\swaga\AppData\Local\Temp\ccBhaj7J.s 			page 23


 1135 0020 00000000 		.4byte	.LFB65
 1136 0024 0C000000 		.4byte	.LFE65
 1137 0028 00000000 		.4byte	.LFB66
 1138 002c F0000000 		.4byte	.LFE66
 1139 0030 00000000 		.4byte	0
 1140 0034 00000000 		.4byte	0
 1141              		.section	.debug_line,"",%progbits
 1142              	.Ldebug_line0:
 1143 0000 30020000 		.section	.debug_str,"MS",%progbits,1
 1143      0200BC01 
 1143      00000201 
 1143      FB0E0D00 
 1143      01010101 
 1144              	.LASF40:
 1145 0000 444D415F 		.ascii	"DMA_ADC_DmaInitialize\000"
 1145      4144435F 
 1145      446D6149 
 1145      6E697469 
 1145      616C697A 
 1146              	.LASF4:
 1147 0016 5F5F7569 		.ascii	"__uint8_t\000"
 1147      6E74385F 
 1147      7400
 1148              	.LASF22:
 1149 0020 4953525F 		.ascii	"ISR_UART_Rx\000"
 1149      55415254 
 1149      5F527800 
 1150              	.LASF5:
 1151 002c 5F5F696E 		.ascii	"__int32_t\000"
 1151      7433325F 
 1151      7400
 1152              	.LASF43:
 1153 0036 4379446D 		.ascii	"CyDmaTdSetAddress\000"
 1153      61546453 
 1153      65744164 
 1153      64726573 
 1153      7300
 1154              	.LASF25:
 1155 0048 6164635F 		.ascii	"adc_to_vg\000"
 1155      746F5F76 
 1155      6700
 1156              	.LASF44:
 1157 0052 4379446D 		.ascii	"CyDmaChSetInitialTd\000"
 1157      61436853 
 1157      6574496E 
 1157      69746961 
 1157      6C546400 
 1158              	.LASF30:
 1159 0066 74785F62 		.ascii	"tx_buffer\000"
 1159      75666665 
 1159      7200
 1160              	.LASF33:
 1161 0070 444D415F 		.ascii	"DMA_ADC_TD\000"
 1161      4144435F 
 1161      544400
 1162              	.LASF41:
 1163 007b 4379446D 		.ascii	"CyDmaTdAllocate\000"
ARM GAS  C:\Users\swaga\AppData\Local\Temp\ccBhaj7J.s 			page 24


 1163      61546441 
 1163      6C6C6F63 
 1163      61746500 
 1164              	.LASF16:
 1165 008b 666C6F61 		.ascii	"float\000"
 1165      7400
 1166              	.LASF31:
 1167 0091 4144435F 		.ascii	"ADC_buffer\000"
 1167      62756666 
 1167      657200
 1168              	.LASF1:
 1169 009c 756E7369 		.ascii	"unsigned char\000"
 1169      676E6564 
 1169      20636861 
 1169      7200
 1170              	.LASF50:
 1171 00aa 474E5520 		.ascii	"GNU C11 5.4.1 20160609 (release) [ARM/embedded-5-br"
 1171      43313120 
 1171      352E342E 
 1171      31203230 
 1171      31363036 
 1172 00dd 616E6368 		.ascii	"anch revision 237715] -mcpu=cortex-m3 -mthumb -g -O"
 1172      20726576 
 1172      6973696F 
 1172      6E203233 
 1172      37373135 
 1173 0110 67202D66 		.ascii	"g -ffunction-sections -ffat-lto-objects\000"
 1173      66756E63 
 1173      74696F6E 
 1173      2D736563 
 1173      74696F6E 
 1174              	.LASF37:
 1175 0138 4144435F 		.ascii	"ADC_StartConvert\000"
 1175      53746172 
 1175      74436F6E 
 1175      76657274 
 1175      00
 1176              	.LASF19:
 1177 0149 72656738 		.ascii	"reg8\000"
 1177      00
 1178              	.LASF42:
 1179 014e 4379446D 		.ascii	"CyDmaTdSetConfiguration\000"
 1179      61546453 
 1179      6574436F 
 1179      6E666967 
 1179      75726174 
 1180              	.LASF47:
 1181 0166 4144435F 		.ascii	"ADC_IsEndConversion\000"
 1181      4973456E 
 1181      64436F6E 
 1181      76657273 
 1181      696F6E00 
 1182              	.LASF3:
 1183 017a 73686F72 		.ascii	"short unsigned int\000"
 1183      7420756E 
 1183      7369676E 
 1183      65642069 
ARM GAS  C:\Users\swaga\AppData\Local\Temp\ccBhaj7J.s 			page 25


 1183      6E7400
 1184              	.LASF34:
 1185 018d 55415254 		.ascii	"UART_Start\000"
 1185      5F537461 
 1185      727400
 1186              	.LASF46:
 1187 0198 55415254 		.ascii	"UART_PutArray\000"
 1187      5F507574 
 1187      41727261 
 1187      7900
 1188              	.LASF27:
 1189 01a6 49544D5F 		.ascii	"ITM_RxBuffer\000"
 1189      52784275 
 1189      66666572 
 1189      00
 1190              	.LASF48:
 1191 01b3 4144435F 		.ascii	"ADC_GetResult32\000"
 1191      47657452 
 1191      6573756C 
 1191      74333200 
 1192              	.LASF7:
 1193 01c3 6C6F6E67 		.ascii	"long unsigned int\000"
 1193      20756E73 
 1193      69676E65 
 1193      6420696E 
 1193      7400
 1194              	.LASF14:
 1195 01d5 75696E74 		.ascii	"uint16\000"
 1195      313600
 1196              	.LASF29:
 1197 01dc 646D615F 		.ascii	"dma_xfer_done_flag\000"
 1197      78666572 
 1197      5F646F6E 
 1197      655F666C 
 1197      616700
 1198              	.LASF53:
 1199 01ef 6D61696E 		.ascii	"main\000"
 1199      00
 1200              	.LASF39:
 1201 01f4 4953525F 		.ascii	"ISR_DMA_XFER_DONE_StartEx\000"
 1201      444D415F 
 1201      58464552 
 1201      5F444F4E 
 1201      455F5374 
 1202              	.LASF28:
 1203 020e 72785F62 		.ascii	"rx_buffer_flag\000"
 1203      75666665 
 1203      725F666C 
 1203      616700
 1204              	.LASF26:
 1205 021d 6164635F 		.ascii	"adc_to_tx_buf_flag\000"
 1205      746F5F74 
 1205      785F6275 
 1205      665F666C 
 1205      616700
 1206              	.LASF15:
 1207 0230 75696E74 		.ascii	"uint32\000"
ARM GAS  C:\Users\swaga\AppData\Local\Temp\ccBhaj7J.s 			page 26


 1207      333200
 1208              	.LASF10:
 1209 0237 756E7369 		.ascii	"unsigned int\000"
 1209      676E6564 
 1209      20696E74 
 1209      00
 1210              	.LASF45:
 1211 0244 4379446D 		.ascii	"CyDmaChEnable\000"
 1211      61436845 
 1211      6E61626C 
 1211      6500
 1212              	.LASF9:
 1213 0252 6C6F6E67 		.ascii	"long long unsigned int\000"
 1213      206C6F6E 
 1213      6720756E 
 1213      7369676E 
 1213      65642069 
 1214              	.LASF11:
 1215 0269 75696E74 		.ascii	"uint8_t\000"
 1215      385F7400 
 1216              	.LASF36:
 1217 0271 4144435F 		.ascii	"ADC_Start\000"
 1217      53746172 
 1217      7400
 1218              	.LASF12:
 1219 027b 696E7433 		.ascii	"int32_t\000"
 1219      325F7400 
 1220              	.LASF21:
 1221 0283 73697A65 		.ascii	"sizetype\000"
 1221      74797065 
 1221      00
 1222              	.LASF8:
 1223 028c 6C6F6E67 		.ascii	"long long int\000"
 1223      206C6F6E 
 1223      6720696E 
 1223      7400
 1224              	.LASF51:
 1225 029a 6D61696E 		.ascii	"main.c\000"
 1225      2E6300
 1226              	.LASF18:
 1227 02a1 63686172 		.ascii	"char\000"
 1227      00
 1228              	.LASF32:
 1229 02a6 444D415F 		.ascii	"DMA_ADC_Chan\000"
 1229      4144435F 
 1229      4368616E 
 1229      00
 1230              	.LASF38:
 1231 02b3 4953525F 		.ascii	"ISR_UART_Rx_StartEx\000"
 1231      55415254 
 1231      5F52785F 
 1231      53746172 
 1231      74457800 
 1232              	.LASF35:
 1233 02c7 57617665 		.ascii	"WaveDAC_Start\000"
 1233      4441435F 
 1233      53746172 
ARM GAS  C:\Users\swaga\AppData\Local\Temp\ccBhaj7J.s 			page 27


 1233      7400
 1234              	.LASF2:
 1235 02d5 73686F72 		.ascii	"short int\000"
 1235      7420696E 
 1235      7400
 1236              	.LASF13:
 1237 02df 75696E74 		.ascii	"uint8\000"
 1237      3800
 1238              	.LASF23:
 1239 02e5 4953525F 		.ascii	"ISR_DMA_XFER_DONE\000"
 1239      444D415F 
 1239      58464552 
 1239      5F444F4E 
 1239      4500
 1240              	.LASF6:
 1241 02f7 6C6F6E67 		.ascii	"long int\000"
 1241      20696E74 
 1241      00
 1242              	.LASF20:
 1243 0300 6C6F6E67 		.ascii	"long double\000"
 1243      20646F75 
 1243      626C6500 
 1244              	.LASF0:
 1245 030c 7369676E 		.ascii	"signed char\000"
 1245      65642063 
 1245      68617200 
 1246              	.LASF17:
 1247 0318 646F7562 		.ascii	"double\000"
 1247      6C6500
 1248              	.LASF49:
 1249 031f 43794465 		.ascii	"CyDelay\000"
 1249      6C617900 
 1250              	.LASF24:
 1251 0327 6164635F 		.ascii	"adc_result\000"
 1251      72657375 
 1251      6C7400
 1252              	.LASF52:
 1253 0332 443A5C68 		.ascii	"D:\\h_da\\Lecturs\\SS-20-Systytem Driven Hardware D"
 1253      5F64615C 
 1253      4C656374 
 1253      7572735C 
 1253      53532D32 
 1254 0362 65736967 		.ascii	"esign\\freeSoC2\\Workspace01\\01_DAC_ADC_DMA_UART_M"
 1254      6E5C6672 
 1254      6565536F 
 1254      43325C57 
 1254      6F726B73 
 1255 0392 41544C41 		.ascii	"ATLAB_data_transfer.cydsn\000"
 1255      425F6461 
 1255      74615F74 
 1255      72616E73 
 1255      6665722E 
 1256              		.ident	"GCC: (GNU Tools for ARM Embedded Processors) 5.4.1 20160609 (release) [ARM/embedded-5-bran
